*** This is NuSMV 2.6.0 (compiled on Wed Oct 14 15:35:00 2015)
*** Enabled addons are: compass
*** For more information on NuSMV see <http://nusmv.fbk.eu>
*** or email to <nusmv-users@list.fbk.eu>.
*** Please report bugs to <Please report bugs to <nusmv-users@fbk.eu>>

*** Copyright (c) 2010-2014, Fondazione Bruno Kessler

*** This version of NuSMV is linked to the CUDD library version 2.4.1
*** Copyright (c) 1995-2004, Regents of the University of Colorado

*** This version of NuSMV is linked to the MiniSat SAT solver. 
*** See http://minisat.se/MiniSat.html
*** Copyright (c) 2003-2006, Niklas Een, Niklas Sorensson
*** Copyright (c) 2007-2010, Niklas Sorensson

WARNING *** This version of NuSMV is linked to the zchaff SAT         ***
WARNING *** solver (see http://www.princeton.edu/~chaff/zchaff.html). ***
WARNING *** Zchaff is used in Bounded Model Checking when the         ***
WARNING *** system variable "sat_solver" is set to "zchaff".          ***
WARNING *** Notice that zchaff is for non-commercial purposes only.   ***
WARNING *** NO COMMERCIAL USE OF ZCHAFF IS ALLOWED WITHOUT WRITTEN    ***
WARNING *** PERMISSION FROM PRINCETON UNIVERSITY.                     ***
WARNING *** Please contact Sharad Malik (malik@ee.princeton.edu)      ***
WARNING *** for details.                                              ***

-- specification AG (EF TA0)  is true
-- specification AG (EF TA1)  is true
-- specification AG (EF TA2)  is true
-- specification AG (EF TA3)  is true
-- specification AG (EF TA4)  is true
-- specification AG (EF TA5)  is true
-- specification AG (EF TA6)  is true
-- specification AG (EF TA7)  is true
-- specification AG (EF TA8)  is true
-- specification AG (EF TA9)  is true
-- specification AG (EF TA10)  is true
-- specification AG (EF TA11)  is true
-- specification AG (EF TA12)  is true
-- specification AG (EF TSA0)  is true
-- specification AG (EF TSA1)  is true
-- specification AG (EF TS1)  is true
-- specification AG (EF CLEAR)  is true
-- specification AG (EF ((((((((((((((((TA0 | TA1) | TA2) | TA3) | TA4) | TA5) | TA6) | TA7) | TA8) | TA9) | TA10) | TA11) | TA12) | TSA0) | TSA1) | TS1) | CLEAR))  is true
-- specification EF TA0  is true
-- specification EF TA1  is true
-- specification EF TA2  is true
-- specification EF TA3  is true
-- specification EF TA4  is true
-- specification EF TA5  is true
-- specification EF TA6  is true
-- specification EF TA7  is true
-- specification EF TA8  is true
-- specification EF TA9  is true
-- specification EF TA10  is true
-- specification EF TA11  is true
-- specification EF TA12  is true
-- specification EF TSA0  is true
-- specification EF TSA1  is true
-- specification EF TS1  is true
-- specification EF CLEAR  is true
-- specification AG (EF stab)  is true
-- specification AG (stab -> !(RP_AL1_CLAMP_set & RP_AL1_CLAMP_reset))  is true
-- specification AG (stab -> !(LP_AL1_CLAMP_set & LP_AL1_CLAMP_reset))  is true
-- specification AG (stab -> !(AL1_GRAB_set & AL1_GRAB_reset))  is true
-- specification AG (stab -> !(LP_AL1_RAISE_set & LP_AL1_RAISE_reset))  is true
-- specification AG (stab -> !(PAS_AL1_ST_TURN_set & PAS_AL1_ST_TURN_reset))  is true
-- specification AG (stab -> !(SB_AL1_B3_set & SB_AL1_B3_reset))  is true
-- specification AG (stab -> !(SB_AL1_L3_set & SB_AL1_L3_reset))  is true
-- specification AG (stab -> (RP_AL1_CLAMP_set | RP_AL1_CLAMP_reset))  is false
-- as demonstrated by the following execution sequence
Trace Description: CTL Counterexample 
Trace Type: Counterexample 
  -> State: 1.1 <-
    RP_AL1_CLAMPED = FALSE
    LP_AL1_CLAMPED = FALSE
    AL1_DETECTED = FALSE
    LP_AL1_LIMIT = FALSE
    AL1_X_POS = 0
    AL1_Y_POS = 0
    AL1_Z_POS = 0
    ST_AL1_ST0 = FALSE
    PB9 = TRUE
    PBF3 = FALSE
    PBF4 = FALSE
    PL9 = TRUE
    PLF3 = FALSE
    PLF4 = FALSE
    PA0 = TRUE
    PA1 = FALSE
    PA2 = FALSE
    PA3 = FALSE
    PA4 = FALSE
    PA5 = FALSE
    PA6 = FALSE
    PA7 = FALSE
    PA8 = FALSE
    PA9 = FALSE
    PA10 = FALSE
    PA11 = FALSE
    PA12 = FALSE
    PA13 = FALSE
    PSA0 = TRUE
    PSA1 = FALSE
    PS1 = FALSE
    timer_1_PL9.Q = FALSE
    timer_1_PSA1.Q = FALSE
    AL1_Z_SET = 400
    AL1_Y_SET = 150
    AL1_X_SET = 210
    SB_AL1_L3 = FALSE
    SB_AL1_B3 = FALSE
    RP_AL1_CLAMP = TRUE
    PAS_AL1_ST_TURN = FALSE
    LP_AL1_RAISE = FALSE
    LP_AL1_CLAMP = TRUE
    AL1_GRAB = FALSE
    SB_AL1_L3_reset = FALSE
    SB_AL1_B3_reset = FALSE
    RP_AL1_CLAMP_reset = FALSE
    PAS_AL1_ST_TURN_reset = TRUE
    LP_AL1_RAISE_reset = TRUE
    LP_AL1_CLAMP_reset = FALSE
    AL1_GRAB_reset = TRUE
    SB_AL1_L3_set = FALSE
    SB_AL1_B3_set = FALSE
    RP_AL1_CLAMP_set = TRUE
    PAS_AL1_ST_TURN_set = FALSE
    LP_AL1_RAISE_set = FALSE
    LP_AL1_CLAMP_set = TRUE
    AL1_GRAB_set = FALSE
    stab = TRUE
    CLEAR = FALSE
    TS1 = FALSE
    TSA1 = FALSE
    TSA0 = FALSE
    TA12 = FALSE
    TA11 = FALSE
    TA10 = FALSE
    TA9 = FALSE
    TA8 = FALSE
    TA7 = FALSE
    TA6 = FALSE
    TA5 = FALSE
    TA4 = FALSE
    TA3 = FALSE
    TA2 = FALSE
    TA1 = FALSE
    TA0 = FALSE
  -> State: 1.2 <-
    RP_AL1_CLAMPED = TRUE
    AL1_X_POS = 200
    timer_1_PL9.Q = TRUE
    stab = FALSE
    TA0 = TRUE
  -> State: 1.3 <-
    PL9 = FALSE
    PA0 = FALSE
    PA1 = TRUE
    timer_1_PL9.Q = FALSE
    AL1_Z_SET = 0
    AL1_X_SET = 800
    RP_AL1_CLAMP = FALSE
    RP_AL1_CLAMP_set = FALSE
    stab = TRUE
    TA0 = FALSE
-- specification AG (stab -> (LP_AL1_CLAMP_set | LP_AL1_CLAMP_reset))  is true
-- specification AG (stab -> (AL1_GRAB_set | AL1_GRAB_reset))  is false
-- as demonstrated by the following execution sequence
Trace Description: CTL Counterexample 
Trace Type: Counterexample 
  -> State: 2.1 <-
    RP_AL1_CLAMPED = FALSE
    LP_AL1_CLAMPED = FALSE
    AL1_DETECTED = FALSE
    LP_AL1_LIMIT = FALSE
    AL1_X_POS = 0
    AL1_Y_POS = 0
    AL1_Z_POS = 0
    ST_AL1_ST0 = FALSE
    PB9 = TRUE
    PBF3 = FALSE
    PBF4 = FALSE
    PL9 = TRUE
    PLF3 = FALSE
    PLF4 = FALSE
    PA0 = TRUE
    PA1 = FALSE
    PA2 = FALSE
    PA3 = FALSE
    PA4 = FALSE
    PA5 = FALSE
    PA6 = FALSE
    PA7 = FALSE
    PA8 = FALSE
    PA9 = FALSE
    PA10 = FALSE
    PA11 = FALSE
    PA12 = FALSE
    PA13 = FALSE
    PSA0 = TRUE
    PSA1 = FALSE
    PS1 = FALSE
    timer_1_PL9.Q = FALSE
    timer_1_PSA1.Q = FALSE
    AL1_Z_SET = 400
    AL1_Y_SET = 150
    AL1_X_SET = 210
    SB_AL1_L3 = FALSE
    SB_AL1_B3 = FALSE
    RP_AL1_CLAMP = TRUE
    PAS_AL1_ST_TURN = FALSE
    LP_AL1_RAISE = FALSE
    LP_AL1_CLAMP = TRUE
    AL1_GRAB = FALSE
    SB_AL1_L3_reset = FALSE
    SB_AL1_B3_reset = FALSE
    RP_AL1_CLAMP_reset = FALSE
    PAS_AL1_ST_TURN_reset = TRUE
    LP_AL1_RAISE_reset = TRUE
    LP_AL1_CLAMP_reset = FALSE
    AL1_GRAB_reset = TRUE
    SB_AL1_L3_set = FALSE
    SB_AL1_B3_set = FALSE
    RP_AL1_CLAMP_set = TRUE
    PAS_AL1_ST_TURN_set = FALSE
    LP_AL1_RAISE_set = FALSE
    LP_AL1_CLAMP_set = TRUE
    AL1_GRAB_set = FALSE
    stab = TRUE
    CLEAR = FALSE
    TS1 = FALSE
    TSA1 = FALSE
    TSA0 = FALSE
    TA12 = FALSE
    TA11 = FALSE
    TA10 = FALSE
    TA9 = FALSE
    TA8 = FALSE
    TA7 = FALSE
    TA6 = FALSE
    TA5 = FALSE
    TA4 = FALSE
    TA3 = FALSE
    TA2 = FALSE
    TA1 = FALSE
    TA0 = FALSE
  -> State: 2.2 <-
    RP_AL1_CLAMPED = TRUE
    AL1_X_POS = 800
    AL1_Z_POS = 800
    timer_1_PL9.Q = TRUE
    stab = FALSE
    TA0 = TRUE
  -> State: 2.3 <-
    PL9 = FALSE
    PA0 = FALSE
    PA1 = TRUE
    timer_1_PL9.Q = FALSE
    AL1_Z_SET = 0
    AL1_X_SET = 800
    RP_AL1_CLAMP = FALSE
    RP_AL1_CLAMP_set = FALSE
    TA1 = TRUE
    TA0 = FALSE
  -> State: 2.4 <-
    PA1 = FALSE
    PA2 = TRUE
    AL1_Z_SET = 800
    AL1_Y_SET = 0
    AL1_X_SET = 0
    TA2 = TRUE
    TA1 = FALSE
  -> State: 2.5 <-
    PA2 = FALSE
    PA3 = TRUE
    AL1_Z_SET = 0
    AL1_GRAB = TRUE
    RP_AL1_CLAMP_reset = TRUE
    AL1_GRAB_reset = FALSE
    AL1_GRAB_set = TRUE
    stab = TRUE
    TA2 = FALSE
  -> State: 2.6 <-
    RP_AL1_CLAMPED = FALSE
    LP_AL1_CLAMPED = TRUE
    AL1_DETECTED = TRUE
    AL1_X_POS = 210
    AL1_Z_POS = 400
    stab = FALSE
    TA3 = TRUE
  -> State: 2.7 <-
    PA3 = FALSE
    PA4 = TRUE
    AL1_Z_SET = 400
    TA4 = TRUE
    TA3 = FALSE
  -> State: 2.8 <-
    PLF3 = TRUE
    PLF4 = TRUE
    PA4 = FALSE
    PA5 = TRUE
    AL1_Z_SET = 0
    AL1_Y_SET = 150
    AL1_X_SET = 210
    SB_AL1_L3_reset = TRUE
    TA5 = TRUE
    TA4 = FALSE
  -> State: 2.9 <-
    PB9 = FALSE
    PA5 = FALSE
    PA6 = TRUE
    AL1_Z_SET = 818
    AL1_Y_SET = 0
    AL1_X_SET = 0
    stab = TRUE
    TA5 = FALSE
  -> State: 2.10 <-
    LP_AL1_CLAMPED = FALSE
    AL1_DETECTED = FALSE
    AL1_X_POS = 0
    AL1_Z_POS = 818
    stab = FALSE
    TA6 = TRUE
  -> State: 2.11 <-
    PA6 = FALSE
    PA7 = TRUE
    AL1_Z_SET = 400
    AL1_GRAB = FALSE
    AL1_GRAB_reset = TRUE
    AL1_GRAB_set = FALSE
    stab = TRUE
    TA6 = FALSE
  -> State: 2.12 <-
    LP_AL1_LIMIT = TRUE
    AL1_Z_POS = 400
    stab = FALSE
    TA7 = TRUE
  -> State: 2.13 <-
    PA7 = FALSE
    PA8 = TRUE
    AL1_Z_SET = 0
    LP_AL1_CLAMP = FALSE
    LP_AL1_CLAMP_reset = TRUE
    LP_AL1_CLAMP_set = FALSE
    TA8 = TRUE
    TA7 = FALSE
  -> State: 2.14 <-
    PA8 = FALSE
    PA9 = TRUE
    LP_AL1_RAISE = TRUE
    LP_AL1_RAISE_reset = FALSE
    AL1_GRAB_reset = FALSE
    LP_AL1_RAISE_set = TRUE
    stab = TRUE
    TA8 = FALSE
-- specification AG (stab -> (LP_AL1_RAISE_set | LP_AL1_RAISE_reset))  is true
-- specification AG (stab -> (PAS_AL1_ST_TURN_set | PAS_AL1_ST_TURN_reset))  is true
-- specification AG (stab -> (SB_AL1_B3_set | SB_AL1_B3_reset))  is false
-- as demonstrated by the following execution sequence
Trace Description: CTL Counterexample 
Trace Type: Counterexample 
  -> State: 3.1 <-
    RP_AL1_CLAMPED = FALSE
    LP_AL1_CLAMPED = FALSE
    AL1_DETECTED = FALSE
    LP_AL1_LIMIT = FALSE
    AL1_X_POS = 0
    AL1_Y_POS = 0
    AL1_Z_POS = 0
    ST_AL1_ST0 = FALSE
    PB9 = TRUE
    PBF3 = FALSE
    PBF4 = FALSE
    PL9 = TRUE
    PLF3 = FALSE
    PLF4 = FALSE
    PA0 = TRUE
    PA1 = FALSE
    PA2 = FALSE
    PA3 = FALSE
    PA4 = FALSE
    PA5 = FALSE
    PA6 = FALSE
    PA7 = FALSE
    PA8 = FALSE
    PA9 = FALSE
    PA10 = FALSE
    PA11 = FALSE
    PA12 = FALSE
    PA13 = FALSE
    PSA0 = TRUE
    PSA1 = FALSE
    PS1 = FALSE
    timer_1_PL9.Q = FALSE
    timer_1_PSA1.Q = FALSE
    AL1_Z_SET = 400
    AL1_Y_SET = 150
    AL1_X_SET = 210
    SB_AL1_L3 = FALSE
    SB_AL1_B3 = FALSE
    RP_AL1_CLAMP = TRUE
    PAS_AL1_ST_TURN = FALSE
    LP_AL1_RAISE = FALSE
    LP_AL1_CLAMP = TRUE
    AL1_GRAB = FALSE
    SB_AL1_L3_reset = FALSE
    SB_AL1_B3_reset = FALSE
    RP_AL1_CLAMP_reset = FALSE
    PAS_AL1_ST_TURN_reset = TRUE
    LP_AL1_RAISE_reset = TRUE
    LP_AL1_CLAMP_reset = FALSE
    AL1_GRAB_reset = TRUE
    SB_AL1_L3_set = FALSE
    SB_AL1_B3_set = FALSE
    RP_AL1_CLAMP_set = TRUE
    PAS_AL1_ST_TURN_set = FALSE
    LP_AL1_RAISE_set = FALSE
    LP_AL1_CLAMP_set = TRUE
    AL1_GRAB_set = FALSE
    stab = TRUE
    CLEAR = FALSE
    TS1 = FALSE
    TSA1 = FALSE
    TSA0 = FALSE
    TA12 = FALSE
    TA11 = FALSE
    TA10 = FALSE
    TA9 = FALSE
    TA8 = FALSE
    TA7 = FALSE
    TA6 = FALSE
    TA5 = FALSE
    TA4 = FALSE
    TA3 = FALSE
    TA2 = FALSE
    TA1 = FALSE
    TA0 = FALSE
-- specification AG (stab -> (SB_AL1_L3_set | SB_AL1_L3_reset))  is false
-- as demonstrated by the following execution sequence
Trace Description: CTL Counterexample 
Trace Type: Counterexample 
  -> State: 4.1 <-
    RP_AL1_CLAMPED = FALSE
    LP_AL1_CLAMPED = FALSE
    AL1_DETECTED = FALSE
    LP_AL1_LIMIT = FALSE
    AL1_X_POS = 0
    AL1_Y_POS = 0
    AL1_Z_POS = 0
    ST_AL1_ST0 = FALSE
    PB9 = TRUE
    PBF3 = FALSE
    PBF4 = FALSE
    PL9 = TRUE
    PLF3 = FALSE
    PLF4 = FALSE
    PA0 = TRUE
    PA1 = FALSE
    PA2 = FALSE
    PA3 = FALSE
    PA4 = FALSE
    PA5 = FALSE
    PA6 = FALSE
    PA7 = FALSE
    PA8 = FALSE
    PA9 = FALSE
    PA10 = FALSE
    PA11 = FALSE
    PA12 = FALSE
    PA13 = FALSE
    PSA0 = TRUE
    PSA1 = FALSE
    PS1 = FALSE
    timer_1_PL9.Q = FALSE
    timer_1_PSA1.Q = FALSE
    AL1_Z_SET = 400
    AL1_Y_SET = 150
    AL1_X_SET = 210
    SB_AL1_L3 = FALSE
    SB_AL1_B3 = FALSE
    RP_AL1_CLAMP = TRUE
    PAS_AL1_ST_TURN = FALSE
    LP_AL1_RAISE = FALSE
    LP_AL1_CLAMP = TRUE
    AL1_GRAB = FALSE
    SB_AL1_L3_reset = FALSE
    SB_AL1_B3_reset = FALSE
    RP_AL1_CLAMP_reset = FALSE
    PAS_AL1_ST_TURN_reset = TRUE
    LP_AL1_RAISE_reset = TRUE
    LP_AL1_CLAMP_reset = FALSE
    AL1_GRAB_reset = TRUE
    SB_AL1_L3_set = FALSE
    SB_AL1_B3_set = FALSE
    RP_AL1_CLAMP_set = TRUE
    PAS_AL1_ST_TURN_set = FALSE
    LP_AL1_RAISE_set = FALSE
    LP_AL1_CLAMP_set = TRUE
    AL1_GRAB_set = FALSE
    stab = TRUE
    CLEAR = FALSE
    TS1 = FALSE
    TSA1 = FALSE
    TSA0 = FALSE
    TA12 = FALSE
    TA11 = FALSE
    TA10 = FALSE
    TA9 = FALSE
    TA8 = FALSE
    TA7 = FALSE
    TA6 = FALSE
    TA5 = FALSE
    TA4 = FALSE
    TA3 = FALSE
    TA2 = FALSE
    TA1 = FALSE
    TA0 = FALSE
-- specification (AG ((stab & RP_AL1_CLAMPED) & !AL1_DETECTED) -> AX (AL1_X_SET = 800 & AL1_Y_SET = 0))  is true
-- specification (AG (stab & ST_AL1_ST0) -> AX PAS_AL1_ST_TURN)  is true
-- specification (AG ((((stab & AL1_DETECTED) & AL1_X_POS = 210) & AL1_Y_POS = 0) & LP_AL1_CLAMPED) -> AX AL1_Z_SET = 818)  is true
