*** This is NuSMV 2.6.0 (compiled on Wed Oct 14 15:35:00 2015)
*** Enabled addons are: compass
*** For more information on NuSMV see <http://nusmv.fbk.eu>
*** or email to <nusmv-users@list.fbk.eu>.
*** Please report bugs to <Please report bugs to <nusmv-users@fbk.eu>>

*** Copyright (c) 2010-2014, Fondazione Bruno Kessler

*** This version of NuSMV is linked to the CUDD library version 2.4.1
*** Copyright (c) 1995-2004, Regents of the University of Colorado

*** This version of NuSMV is linked to the MiniSat SAT solver. 
*** See http://minisat.se/MiniSat.html
*** Copyright (c) 2003-2006, Niklas Een, Niklas Sorensson
*** Copyright (c) 2007-2010, Niklas Sorensson

WARNING *** This version of NuSMV is linked to the zchaff SAT         ***
WARNING *** solver (see http://www.princeton.edu/~chaff/zchaff.html). ***
WARNING *** Zchaff is used in Bounded Model Checking when the         ***
WARNING *** system variable "sat_solver" is set to "zchaff".          ***
WARNING *** Notice that zchaff is for non-commercial purposes only.   ***
WARNING *** NO COMMERCIAL USE OF ZCHAFF IS ALLOWED WITHOUT WRITTEN    ***
WARNING *** PERMISSION FROM PRINCETON UNIVERSITY.                     ***
WARNING *** Please contact Sharad Malik (malik@ee.princeton.edu)      ***
WARNING *** for details.                                              ***

-- specification AG (EF TS1)  is false
-- as demonstrated by the following execution sequence
Trace Description: CTL Counterexample 
Trace Type: Counterexample 
  -> State: 1.1 <-
    ST_AL1_ST1 = FALSE
    ST_AL1_ST2 = FALSE
    ST_AL1_ST3 = FALSE
    RP_AL1_ST_CLAMPED = FALSE
    AL1_ST_DETECTED = FALSE
    AL1_ST_X_POS = 0
    AL1_ST_Y_POS = 0
    AL1_ST_Z_POS = 0
    PA13 = TRUE
    PSA0 = FALSE
    PSA1 = FALSE
    PS0 = TRUE
    PSC = TRUE
    PS1 = FALSE
    PS23 = FALSE
    PS2 = FALSE
    PS3 = FALSE
    PS4 = FALSE
    PS5 = FALSE
    PS6 = FALSE
    PS7 = FALSE
    PS8 = FALSE
    PS9 = FALSE
    PS10 = FALSE
    PS11 = FALSE
    PS12 = FALSE
    PSE1 = FALSE
    PSE2 = FALSE
    PSE0 = TRUE
    PG0 = FALSE
    timer_1_PS23.Q = FALSE
    AL1_ST_Z_SET = 0
    AL1_ST_Y_SET = 0
    AL1_ST_X_SET = 0
    RP_AL1_ST_CLAMP = FALSE
    RC_AL1_ST = FALSE
    PAS_AL1_ST_TURN = FALSE
    AL1_ST_GRAB = FALSE
    AL1_EMIT = FALSE
    RP_AL1_ST_CLAMP_reset = TRUE
    RC_AL1_ST_reset = TRUE
    PAS_AL1_ST_TURN_reset = FALSE
    AL1_ST_GRAB_reset = FALSE
    AL1_EMIT_reset = TRUE
    RP_AL1_ST_CLAMP_set = FALSE
    RC_AL1_ST_set = FALSE
    PAS_AL1_ST_TURN_set = FALSE
    AL1_ST_GRAB_set = FALSE
    AL1_EMIT_set = FALSE
    stab = TRUE
    GENERIC_PRE = FALSE
    GENERIC_POST = FALSE
    TSE2 = FALSE
    TSE1 = FALSE
    TS13 = FALSE
    TS12 = FALSE
    TS11 = FALSE
    TS10 = FALSE
    TS9 = FALSE
    TS8 = FALSE
    TS7 = FALSE
    TS6 = FALSE
    TS5 = FALSE
    TS4 = FALSE
    TS3 = FALSE
    TS23 = FALSE
    TS2 = FALSE
    TS1 = FALSE
  -> State: 1.2 <-
    ST_AL1_ST1 = TRUE
    ST_AL1_ST2 = TRUE
    stab = FALSE
    TS1 = TRUE
  -> State: 1.3 <-
    PA13 = FALSE
    PS1 = TRUE
    GENERIC_PRE = TRUE
    TS2 = TRUE
    TS1 = FALSE
  -> State: 1.4 <-
    PA13 = TRUE
    PS0 = FALSE
    PSC = FALSE
    PS1 = FALSE
    PS23 = TRUE
    AL1_ST_GRAB_reset = TRUE
    GENERIC_PRE = FALSE
    TS2 = FALSE
    TS1 = TRUE
  -> State: 1.5 <-
    PA13 = FALSE
    PS1 = TRUE
    GENERIC_PRE = TRUE
    TS1 = FALSE
-- specification AG (EF TS2)  is false
-- as demonstrated by the following execution sequence
Trace Description: CTL Counterexample 
Trace Type: Counterexample 
  -> State: 2.1 <-
    ST_AL1_ST1 = FALSE
    ST_AL1_ST2 = FALSE
    ST_AL1_ST3 = FALSE
    RP_AL1_ST_CLAMPED = FALSE
    AL1_ST_DETECTED = FALSE
    AL1_ST_X_POS = 0
    AL1_ST_Y_POS = 0
    AL1_ST_Z_POS = 0
    PA13 = TRUE
    PSA0 = FALSE
    PSA1 = FALSE
    PS0 = TRUE
    PSC = TRUE
    PS1 = FALSE
    PS23 = FALSE
    PS2 = FALSE
    PS3 = FALSE
    PS4 = FALSE
    PS5 = FALSE
    PS6 = FALSE
    PS7 = FALSE
    PS8 = FALSE
    PS9 = FALSE
    PS10 = FALSE
    PS11 = FALSE
    PS12 = FALSE
    PSE1 = FALSE
    PSE2 = FALSE
    PSE0 = TRUE
    PG0 = FALSE
    timer_1_PS23.Q = FALSE
    AL1_ST_Z_SET = 0
    AL1_ST_Y_SET = 0
    AL1_ST_X_SET = 0
    RP_AL1_ST_CLAMP = FALSE
    RC_AL1_ST = FALSE
    PAS_AL1_ST_TURN = FALSE
    AL1_ST_GRAB = FALSE
    AL1_EMIT = FALSE
    RP_AL1_ST_CLAMP_reset = TRUE
    RC_AL1_ST_reset = TRUE
    PAS_AL1_ST_TURN_reset = FALSE
    AL1_ST_GRAB_reset = FALSE
    AL1_EMIT_reset = TRUE
    RP_AL1_ST_CLAMP_set = FALSE
    RC_AL1_ST_set = FALSE
    PAS_AL1_ST_TURN_set = FALSE
    AL1_ST_GRAB_set = FALSE
    AL1_EMIT_set = FALSE
    stab = TRUE
    GENERIC_PRE = FALSE
    GENERIC_POST = FALSE
    TSE2 = FALSE
    TSE1 = FALSE
    TS13 = FALSE
    TS12 = FALSE
    TS11 = FALSE
    TS10 = FALSE
    TS9 = FALSE
    TS8 = FALSE
    TS7 = FALSE
    TS6 = FALSE
    TS5 = FALSE
    TS4 = FALSE
    TS3 = FALSE
    TS23 = FALSE
    TS2 = FALSE
    TS1 = FALSE
  -> State: 2.2 <-
    ST_AL1_ST1 = TRUE
    ST_AL1_ST2 = TRUE
    stab = FALSE
    TS1 = TRUE
  -> State: 2.3 <-
    PA13 = FALSE
    PS1 = TRUE
    GENERIC_PRE = TRUE
    TS2 = TRUE
    TS1 = FALSE
  -> State: 2.4 <-
    PA13 = TRUE
    PS0 = FALSE
    PSC = FALSE
    PS1 = FALSE
    PS23 = TRUE
    AL1_ST_GRAB_reset = TRUE
    GENERIC_PRE = FALSE
    TS2 = FALSE
    TS1 = TRUE
-- specification AG (EF TS23)  is false
-- as demonstrated by the following execution sequence
Trace Description: CTL Counterexample 
Trace Type: Counterexample 
  -> State: 3.1 <-
    ST_AL1_ST1 = FALSE
    ST_AL1_ST2 = FALSE
    ST_AL1_ST3 = FALSE
    RP_AL1_ST_CLAMPED = FALSE
    AL1_ST_DETECTED = FALSE
    AL1_ST_X_POS = 0
    AL1_ST_Y_POS = 0
    AL1_ST_Z_POS = 0
    PA13 = TRUE
    PSA0 = FALSE
    PSA1 = FALSE
    PS0 = TRUE
    PSC = TRUE
    PS1 = FALSE
    PS23 = FALSE
    PS2 = FALSE
    PS3 = FALSE
    PS4 = FALSE
    PS5 = FALSE
    PS6 = FALSE
    PS7 = FALSE
    PS8 = FALSE
    PS9 = FALSE
    PS10 = FALSE
    PS11 = FALSE
    PS12 = FALSE
    PSE1 = FALSE
    PSE2 = FALSE
    PSE0 = TRUE
    PG0 = FALSE
    timer_1_PS23.Q = FALSE
    AL1_ST_Z_SET = 0
    AL1_ST_Y_SET = 0
    AL1_ST_X_SET = 0
    RP_AL1_ST_CLAMP = FALSE
    RC_AL1_ST = FALSE
    PAS_AL1_ST_TURN = FALSE
    AL1_ST_GRAB = FALSE
    AL1_EMIT = FALSE
    RP_AL1_ST_CLAMP_reset = TRUE
    RC_AL1_ST_reset = TRUE
    PAS_AL1_ST_TURN_reset = FALSE
    AL1_ST_GRAB_reset = FALSE
    AL1_EMIT_reset = TRUE
    RP_AL1_ST_CLAMP_set = FALSE
    RC_AL1_ST_set = FALSE
    PAS_AL1_ST_TURN_set = FALSE
    AL1_ST_GRAB_set = FALSE
    AL1_EMIT_set = FALSE
    stab = TRUE
    GENERIC_PRE = FALSE
    GENERIC_POST = FALSE
    TSE2 = FALSE
    TSE1 = FALSE
    TS13 = FALSE
    TS12 = FALSE
    TS11 = FALSE
    TS10 = FALSE
    TS9 = FALSE
    TS8 = FALSE
    TS7 = FALSE
    TS6 = FALSE
    TS5 = FALSE
    TS4 = FALSE
    TS3 = FALSE
    TS23 = FALSE
    TS2 = FALSE
    TS1 = FALSE
  -> State: 3.2 <-
    ST_AL1_ST1 = TRUE
    ST_AL1_ST2 = TRUE
    stab = FALSE
    TS1 = TRUE
  -> State: 3.3 <-
    PA13 = FALSE
    PS1 = TRUE
    GENERIC_PRE = TRUE
    TS2 = TRUE
    TS1 = FALSE
  -> State: 3.4 <-
    PA13 = TRUE
    PS0 = FALSE
    PSC = FALSE
    PS1 = FALSE
    PS23 = TRUE
    timer_1_PS23.Q = TRUE
    AL1_ST_GRAB_reset = TRUE
    GENERIC_PRE = FALSE
    TS23 = TRUE
    TS2 = FALSE
    TS1 = TRUE
  -> State: 3.5 <-
    PA13 = FALSE
    PS1 = TRUE
    PS23 = FALSE
    PS2 = TRUE
    timer_1_PS23.Q = FALSE
    RP_AL1_ST_CLAMP = TRUE
    RP_AL1_ST_CLAMP_reset = FALSE
    RP_AL1_ST_CLAMP_set = TRUE
    GENERIC_PRE = TRUE
    TS23 = FALSE
    TS1 = FALSE
-- specification AG (EF TS3)  is false
-- as demonstrated by the following execution sequence
Trace Description: CTL Counterexample 
Trace Type: Counterexample 
  -> State: 4.1 <-
    ST_AL1_ST1 = FALSE
    ST_AL1_ST2 = FALSE
    ST_AL1_ST3 = FALSE
    RP_AL1_ST_CLAMPED = FALSE
    AL1_ST_DETECTED = FALSE
    AL1_ST_X_POS = 0
    AL1_ST_Y_POS = 0
    AL1_ST_Z_POS = 0
    PA13 = TRUE
    PSA0 = FALSE
    PSA1 = FALSE
    PS0 = TRUE
    PSC = TRUE
    PS1 = FALSE
    PS23 = FALSE
    PS2 = FALSE
    PS3 = FALSE
    PS4 = FALSE
    PS5 = FALSE
    PS6 = FALSE
    PS7 = FALSE
    PS8 = FALSE
    PS9 = FALSE
    PS10 = FALSE
    PS11 = FALSE
    PS12 = FALSE
    PSE1 = FALSE
    PSE2 = FALSE
    PSE0 = TRUE
    PG0 = FALSE
    timer_1_PS23.Q = FALSE
    AL1_ST_Z_SET = 0
    AL1_ST_Y_SET = 0
    AL1_ST_X_SET = 0
    RP_AL1_ST_CLAMP = FALSE
    RC_AL1_ST = FALSE
    PAS_AL1_ST_TURN = FALSE
    AL1_ST_GRAB = FALSE
    AL1_EMIT = FALSE
    RP_AL1_ST_CLAMP_reset = TRUE
    RC_AL1_ST_reset = TRUE
    PAS_AL1_ST_TURN_reset = FALSE
    AL1_ST_GRAB_reset = FALSE
    AL1_EMIT_reset = TRUE
    RP_AL1_ST_CLAMP_set = FALSE
    RC_AL1_ST_set = FALSE
    PAS_AL1_ST_TURN_set = FALSE
    AL1_ST_GRAB_set = FALSE
    AL1_EMIT_set = FALSE
    stab = TRUE
    GENERIC_PRE = FALSE
    GENERIC_POST = FALSE
    TSE2 = FALSE
    TSE1 = FALSE
    TS13 = FALSE
    TS12 = FALSE
    TS11 = FALSE
    TS10 = FALSE
    TS9 = FALSE
    TS8 = FALSE
    TS7 = FALSE
    TS6 = FALSE
    TS5 = FALSE
    TS4 = FALSE
    TS3 = FALSE
    TS23 = FALSE
    TS2 = FALSE
    TS1 = FALSE
  -> State: 4.2 <-
    ST_AL1_ST1 = TRUE
    ST_AL1_ST2 = TRUE
    RP_AL1_ST_CLAMPED = TRUE
    stab = FALSE
    TS1 = TRUE
  -> State: 4.3 <-
    PA13 = FALSE
    PS1 = TRUE
    GENERIC_PRE = TRUE
    TS2 = TRUE
    TS1 = FALSE
  -> State: 4.4 <-
    PA13 = TRUE
    PS0 = FALSE
    PSC = FALSE
    PS1 = FALSE
    PS23 = TRUE
    timer_1_PS23.Q = TRUE
    AL1_ST_GRAB_reset = TRUE
    GENERIC_PRE = FALSE
    TS23 = TRUE
    TS2 = FALSE
    TS1 = TRUE
  -> State: 4.5 <-
    PA13 = FALSE
    PS1 = TRUE
    PS23 = FALSE
    PS2 = TRUE
    timer_1_PS23.Q = FALSE
    RP_AL1_ST_CLAMP = TRUE
    RP_AL1_ST_CLAMP_reset = FALSE
    RP_AL1_ST_CLAMP_set = TRUE
    GENERIC_PRE = TRUE
    TS3 = TRUE
    TS23 = FALSE
    TS1 = FALSE
  -> State: 4.6 <-
    PA13 = TRUE
    PS2 = FALSE
    PS3 = TRUE
    AL1_ST_Y_SET = 560
    stab = TRUE
    GENERIC_PRE = FALSE
    TS3 = FALSE
-- specification AG (EF TS4)  is false
-- as demonstrated by the following execution sequence
Trace Description: CTL Counterexample 
Trace Type: Counterexample 
  -> State: 5.1 <-
    ST_AL1_ST1 = FALSE
    ST_AL1_ST2 = FALSE
    ST_AL1_ST3 = FALSE
    RP_AL1_ST_CLAMPED = FALSE
    AL1_ST_DETECTED = FALSE
    AL1_ST_X_POS = 0
    AL1_ST_Y_POS = 0
    AL1_ST_Z_POS = 0
    PA13 = TRUE
    PSA0 = FALSE
    PSA1 = FALSE
    PS0 = TRUE
    PSC = TRUE
    PS1 = FALSE
    PS23 = FALSE
    PS2 = FALSE
    PS3 = FALSE
    PS4 = FALSE
    PS5 = FALSE
    PS6 = FALSE
    PS7 = FALSE
    PS8 = FALSE
    PS9 = FALSE
    PS10 = FALSE
    PS11 = FALSE
    PS12 = FALSE
    PSE1 = FALSE
    PSE2 = FALSE
    PSE0 = TRUE
    PG0 = FALSE
    timer_1_PS23.Q = FALSE
    AL1_ST_Z_SET = 0
    AL1_ST_Y_SET = 0
    AL1_ST_X_SET = 0
    RP_AL1_ST_CLAMP = FALSE
    RC_AL1_ST = FALSE
    PAS_AL1_ST_TURN = FALSE
    AL1_ST_GRAB = FALSE
    AL1_EMIT = FALSE
    RP_AL1_ST_CLAMP_reset = TRUE
    RC_AL1_ST_reset = TRUE
    PAS_AL1_ST_TURN_reset = FALSE
    AL1_ST_GRAB_reset = FALSE
    AL1_EMIT_reset = TRUE
    RP_AL1_ST_CLAMP_set = FALSE
    RC_AL1_ST_set = FALSE
    PAS_AL1_ST_TURN_set = FALSE
    AL1_ST_GRAB_set = FALSE
    AL1_EMIT_set = FALSE
    stab = TRUE
    GENERIC_PRE = FALSE
    GENERIC_POST = FALSE
    TSE2 = FALSE
    TSE1 = FALSE
    TS13 = FALSE
    TS12 = FALSE
    TS11 = FALSE
    TS10 = FALSE
    TS9 = FALSE
    TS8 = FALSE
    TS7 = FALSE
    TS6 = FALSE
    TS5 = FALSE
    TS4 = FALSE
    TS3 = FALSE
    TS23 = FALSE
    TS2 = FALSE
    TS1 = FALSE
  -> State: 5.2 <-
    ST_AL1_ST1 = TRUE
    ST_AL1_ST2 = TRUE
    RP_AL1_ST_CLAMPED = TRUE
    AL1_ST_Y_POS = 560
    stab = FALSE
    TS1 = TRUE
  -> State: 5.3 <-
    PA13 = FALSE
    PS1 = TRUE
    GENERIC_PRE = TRUE
    TS2 = TRUE
    TS1 = FALSE
  -> State: 5.4 <-
    PA13 = TRUE
    PS0 = FALSE
    PSC = FALSE
    PS1 = FALSE
    PS23 = TRUE
    timer_1_PS23.Q = TRUE
    AL1_ST_GRAB_reset = TRUE
    GENERIC_PRE = FALSE
    TS23 = TRUE
    TS2 = FALSE
    TS1 = TRUE
  -> State: 5.5 <-
    PA13 = FALSE
    PS1 = TRUE
    PS23 = FALSE
    PS2 = TRUE
    timer_1_PS23.Q = FALSE
    RP_AL1_ST_CLAMP = TRUE
    RP_AL1_ST_CLAMP_reset = FALSE
    RP_AL1_ST_CLAMP_set = TRUE
    GENERIC_PRE = TRUE
    TS3 = TRUE
    TS23 = FALSE
    TS1 = FALSE
  -> State: 5.6 <-
    PA13 = TRUE
    PS2 = FALSE
    PS3 = TRUE
    AL1_ST_Y_SET = 560
    GENERIC_PRE = FALSE
    TS4 = TRUE
    TS3 = FALSE
  -> State: 5.7 <-
    PS3 = FALSE
    PS4 = TRUE
    AL1_ST_Y_SET = 0
    stab = TRUE
    TS4 = FALSE
-- specification AG (EF TS5)  is false
-- as demonstrated by the following execution sequence
Trace Description: CTL Counterexample 
Trace Type: Counterexample 
  -> State: 6.1 <-
    ST_AL1_ST1 = FALSE
    ST_AL1_ST2 = FALSE
    ST_AL1_ST3 = FALSE
    RP_AL1_ST_CLAMPED = FALSE
    AL1_ST_DETECTED = FALSE
    AL1_ST_X_POS = 0
    AL1_ST_Y_POS = 0
    AL1_ST_Z_POS = 0
    PA13 = TRUE
    PSA0 = FALSE
    PSA1 = FALSE
    PS0 = TRUE
    PSC = TRUE
    PS1 = FALSE
    PS23 = FALSE
    PS2 = FALSE
    PS3 = FALSE
    PS4 = FALSE
    PS5 = FALSE
    PS6 = FALSE
    PS7 = FALSE
    PS8 = FALSE
    PS9 = FALSE
    PS10 = FALSE
    PS11 = FALSE
    PS12 = FALSE
    PSE1 = FALSE
    PSE2 = FALSE
    PSE0 = TRUE
    PG0 = FALSE
    timer_1_PS23.Q = FALSE
    AL1_ST_Z_SET = 0
    AL1_ST_Y_SET = 0
    AL1_ST_X_SET = 0
    RP_AL1_ST_CLAMP = FALSE
    RC_AL1_ST = FALSE
    PAS_AL1_ST_TURN = FALSE
    AL1_ST_GRAB = FALSE
    AL1_EMIT = FALSE
    RP_AL1_ST_CLAMP_reset = TRUE
    RC_AL1_ST_reset = TRUE
    PAS_AL1_ST_TURN_reset = FALSE
    AL1_ST_GRAB_reset = FALSE
    AL1_EMIT_reset = TRUE
    RP_AL1_ST_CLAMP_set = FALSE
    RC_AL1_ST_set = FALSE
    PAS_AL1_ST_TURN_set = FALSE
    AL1_ST_GRAB_set = FALSE
    AL1_EMIT_set = FALSE
    stab = TRUE
    GENERIC_PRE = FALSE
    GENERIC_POST = FALSE
    TSE2 = FALSE
    TSE1 = FALSE
    TS13 = FALSE
    TS12 = FALSE
    TS11 = FALSE
    TS10 = FALSE
    TS9 = FALSE
    TS8 = FALSE
    TS7 = FALSE
    TS6 = FALSE
    TS5 = FALSE
    TS4 = FALSE
    TS3 = FALSE
    TS23 = FALSE
    TS2 = FALSE
    TS1 = FALSE
-- specification AG (EF TS6)  is false
-- as demonstrated by the following execution sequence
Trace Description: CTL Counterexample 
Trace Type: Counterexample 
  -> State: 7.1 <-
    ST_AL1_ST1 = FALSE
    ST_AL1_ST2 = FALSE
    ST_AL1_ST3 = FALSE
    RP_AL1_ST_CLAMPED = FALSE
    AL1_ST_DETECTED = FALSE
    AL1_ST_X_POS = 0
    AL1_ST_Y_POS = 0
    AL1_ST_Z_POS = 0
    PA13 = TRUE
    PSA0 = FALSE
    PSA1 = FALSE
    PS0 = TRUE
    PSC = TRUE
    PS1 = FALSE
    PS23 = FALSE
    PS2 = FALSE
    PS3 = FALSE
    PS4 = FALSE
    PS5 = FALSE
    PS6 = FALSE
    PS7 = FALSE
    PS8 = FALSE
    PS9 = FALSE
    PS10 = FALSE
    PS11 = FALSE
    PS12 = FALSE
    PSE1 = FALSE
    PSE2 = FALSE
    PSE0 = TRUE
    PG0 = FALSE
    timer_1_PS23.Q = FALSE
    AL1_ST_Z_SET = 0
    AL1_ST_Y_SET = 0
    AL1_ST_X_SET = 0
    RP_AL1_ST_CLAMP = FALSE
    RC_AL1_ST = FALSE
    PAS_AL1_ST_TURN = FALSE
    AL1_ST_GRAB = FALSE
    AL1_EMIT = FALSE
    RP_AL1_ST_CLAMP_reset = TRUE
    RC_AL1_ST_reset = TRUE
    PAS_AL1_ST_TURN_reset = FALSE
    AL1_ST_GRAB_reset = FALSE
    AL1_EMIT_reset = TRUE
    RP_AL1_ST_CLAMP_set = FALSE
    RC_AL1_ST_set = FALSE
    PAS_AL1_ST_TURN_set = FALSE
    AL1_ST_GRAB_set = FALSE
    AL1_EMIT_set = FALSE
    stab = TRUE
    GENERIC_PRE = FALSE
    GENERIC_POST = FALSE
    TSE2 = FALSE
    TSE1 = FALSE
    TS13 = FALSE
    TS12 = FALSE
    TS11 = FALSE
    TS10 = FALSE
    TS9 = FALSE
    TS8 = FALSE
    TS7 = FALSE
    TS6 = FALSE
    TS5 = FALSE
    TS4 = FALSE
    TS3 = FALSE
    TS23 = FALSE
    TS2 = FALSE
    TS1 = FALSE
-- specification AG (EF TS7)  is false
-- as demonstrated by the following execution sequence
Trace Description: CTL Counterexample 
Trace Type: Counterexample 
  -> State: 8.1 <-
    ST_AL1_ST1 = FALSE
    ST_AL1_ST2 = FALSE
    ST_AL1_ST3 = FALSE
    RP_AL1_ST_CLAMPED = FALSE
    AL1_ST_DETECTED = FALSE
    AL1_ST_X_POS = 0
    AL1_ST_Y_POS = 0
    AL1_ST_Z_POS = 0
    PA13 = TRUE
    PSA0 = FALSE
    PSA1 = FALSE
    PS0 = TRUE
    PSC = TRUE
    PS1 = FALSE
    PS23 = FALSE
    PS2 = FALSE
    PS3 = FALSE
    PS4 = FALSE
    PS5 = FALSE
    PS6 = FALSE
    PS7 = FALSE
    PS8 = FALSE
    PS9 = FALSE
    PS10 = FALSE
    PS11 = FALSE
    PS12 = FALSE
    PSE1 = FALSE
    PSE2 = FALSE
    PSE0 = TRUE
    PG0 = FALSE
    timer_1_PS23.Q = FALSE
    AL1_ST_Z_SET = 0
    AL1_ST_Y_SET = 0
    AL1_ST_X_SET = 0
    RP_AL1_ST_CLAMP = FALSE
    RC_AL1_ST = FALSE
    PAS_AL1_ST_TURN = FALSE
    AL1_ST_GRAB = FALSE
    AL1_EMIT = FALSE
    RP_AL1_ST_CLAMP_reset = TRUE
    RC_AL1_ST_reset = TRUE
    PAS_AL1_ST_TURN_reset = FALSE
    AL1_ST_GRAB_reset = FALSE
    AL1_EMIT_reset = TRUE
    RP_AL1_ST_CLAMP_set = FALSE
    RC_AL1_ST_set = FALSE
    PAS_AL1_ST_TURN_set = FALSE
    AL1_ST_GRAB_set = FALSE
    AL1_EMIT_set = FALSE
    stab = TRUE
    GENERIC_PRE = FALSE
    GENERIC_POST = FALSE
    TSE2 = FALSE
    TSE1 = FALSE
    TS13 = FALSE
    TS12 = FALSE
    TS11 = FALSE
    TS10 = FALSE
    TS9 = FALSE
    TS8 = FALSE
    TS7 = FALSE
    TS6 = FALSE
    TS5 = FALSE
    TS4 = FALSE
    TS3 = FALSE
    TS23 = FALSE
    TS2 = FALSE
    TS1 = FALSE
-- specification AG (EF TS8)  is false
-- as demonstrated by the following execution sequence
Trace Description: CTL Counterexample 
Trace Type: Counterexample 
  -> State: 9.1 <-
    ST_AL1_ST1 = FALSE
    ST_AL1_ST2 = FALSE
    ST_AL1_ST3 = FALSE
    RP_AL1_ST_CLAMPED = FALSE
    AL1_ST_DETECTED = FALSE
    AL1_ST_X_POS = 0
    AL1_ST_Y_POS = 0
    AL1_ST_Z_POS = 0
    PA13 = TRUE
    PSA0 = FALSE
    PSA1 = FALSE
    PS0 = TRUE
    PSC = TRUE
    PS1 = FALSE
    PS23 = FALSE
    PS2 = FALSE
    PS3 = FALSE
    PS4 = FALSE
    PS5 = FALSE
    PS6 = FALSE
    PS7 = FALSE
    PS8 = FALSE
    PS9 = FALSE
    PS10 = FALSE
    PS11 = FALSE
    PS12 = FALSE
    PSE1 = FALSE
    PSE2 = FALSE
    PSE0 = TRUE
    PG0 = FALSE
    timer_1_PS23.Q = FALSE
    AL1_ST_Z_SET = 0
    AL1_ST_Y_SET = 0
    AL1_ST_X_SET = 0
    RP_AL1_ST_CLAMP = FALSE
    RC_AL1_ST = FALSE
    PAS_AL1_ST_TURN = FALSE
    AL1_ST_GRAB = FALSE
    AL1_EMIT = FALSE
    RP_AL1_ST_CLAMP_reset = TRUE
    RC_AL1_ST_reset = TRUE
    PAS_AL1_ST_TURN_reset = FALSE
    AL1_ST_GRAB_reset = FALSE
    AL1_EMIT_reset = TRUE
    RP_AL1_ST_CLAMP_set = FALSE
    RC_AL1_ST_set = FALSE
    PAS_AL1_ST_TURN_set = FALSE
    AL1_ST_GRAB_set = FALSE
    AL1_EMIT_set = FALSE
    stab = TRUE
    GENERIC_PRE = FALSE
    GENERIC_POST = FALSE
    TSE2 = FALSE
    TSE1 = FALSE
    TS13 = FALSE
    TS12 = FALSE
    TS11 = FALSE
    TS10 = FALSE
    TS9 = FALSE
    TS8 = FALSE
    TS7 = FALSE
    TS6 = FALSE
    TS5 = FALSE
    TS4 = FALSE
    TS3 = FALSE
    TS23 = FALSE
    TS2 = FALSE
    TS1 = FALSE
-- specification AG (EF TS9)  is false
-- as demonstrated by the following execution sequence
Trace Description: CTL Counterexample 
Trace Type: Counterexample 
  -> State: 10.1 <-
    ST_AL1_ST1 = FALSE
    ST_AL1_ST2 = FALSE
    ST_AL1_ST3 = FALSE
    RP_AL1_ST_CLAMPED = FALSE
    AL1_ST_DETECTED = FALSE
    AL1_ST_X_POS = 0
    AL1_ST_Y_POS = 0
    AL1_ST_Z_POS = 0
    PA13 = TRUE
    PSA0 = FALSE
    PSA1 = FALSE
    PS0 = TRUE
    PSC = TRUE
    PS1 = FALSE
    PS23 = FALSE
    PS2 = FALSE
    PS3 = FALSE
    PS4 = FALSE
    PS5 = FALSE
    PS6 = FALSE
    PS7 = FALSE
    PS8 = FALSE
    PS9 = FALSE
    PS10 = FALSE
    PS11 = FALSE
    PS12 = FALSE
    PSE1 = FALSE
    PSE2 = FALSE
    PSE0 = TRUE
    PG0 = FALSE
    timer_1_PS23.Q = FALSE
    AL1_ST_Z_SET = 0
    AL1_ST_Y_SET = 0
    AL1_ST_X_SET = 0
    RP_AL1_ST_CLAMP = FALSE
    RC_AL1_ST = FALSE
    PAS_AL1_ST_TURN = FALSE
    AL1_ST_GRAB = FALSE
    AL1_EMIT = FALSE
    RP_AL1_ST_CLAMP_reset = TRUE
    RC_AL1_ST_reset = TRUE
    PAS_AL1_ST_TURN_reset = FALSE
    AL1_ST_GRAB_reset = FALSE
    AL1_EMIT_reset = TRUE
    RP_AL1_ST_CLAMP_set = FALSE
    RC_AL1_ST_set = FALSE
    PAS_AL1_ST_TURN_set = FALSE
    AL1_ST_GRAB_set = FALSE
    AL1_EMIT_set = FALSE
    stab = TRUE
    GENERIC_PRE = FALSE
    GENERIC_POST = FALSE
    TSE2 = FALSE
    TSE1 = FALSE
    TS13 = FALSE
    TS12 = FALSE
    TS11 = FALSE
    TS10 = FALSE
    TS9 = FALSE
    TS8 = FALSE
    TS7 = FALSE
    TS6 = FALSE
    TS5 = FALSE
    TS4 = FALSE
    TS3 = FALSE
    TS23 = FALSE
    TS2 = FALSE
    TS1 = FALSE
-- specification AG (EF TS10)  is false
-- as demonstrated by the following execution sequence
Trace Description: CTL Counterexample 
Trace Type: Counterexample 
  -> State: 11.1 <-
    ST_AL1_ST1 = FALSE
    ST_AL1_ST2 = FALSE
    ST_AL1_ST3 = FALSE
    RP_AL1_ST_CLAMPED = FALSE
    AL1_ST_DETECTED = FALSE
    AL1_ST_X_POS = 0
    AL1_ST_Y_POS = 0
    AL1_ST_Z_POS = 0
    PA13 = TRUE
    PSA0 = FALSE
    PSA1 = FALSE
    PS0 = TRUE
    PSC = TRUE
    PS1 = FALSE
    PS23 = FALSE
    PS2 = FALSE
    PS3 = FALSE
    PS4 = FALSE
    PS5 = FALSE
    PS6 = FALSE
    PS7 = FALSE
    PS8 = FALSE
    PS9 = FALSE
    PS10 = FALSE
    PS11 = FALSE
    PS12 = FALSE
    PSE1 = FALSE
    PSE2 = FALSE
    PSE0 = TRUE
    PG0 = FALSE
    timer_1_PS23.Q = FALSE
    AL1_ST_Z_SET = 0
    AL1_ST_Y_SET = 0
    AL1_ST_X_SET = 0
    RP_AL1_ST_CLAMP = FALSE
    RC_AL1_ST = FALSE
    PAS_AL1_ST_TURN = FALSE
    AL1_ST_GRAB = FALSE
    AL1_EMIT = FALSE
    RP_AL1_ST_CLAMP_reset = TRUE
    RC_AL1_ST_reset = TRUE
    PAS_AL1_ST_TURN_reset = FALSE
    AL1_ST_GRAB_reset = FALSE
    AL1_EMIT_reset = TRUE
    RP_AL1_ST_CLAMP_set = FALSE
    RC_AL1_ST_set = FALSE
    PAS_AL1_ST_TURN_set = FALSE
    AL1_ST_GRAB_set = FALSE
    AL1_EMIT_set = FALSE
    stab = TRUE
    GENERIC_PRE = FALSE
    GENERIC_POST = FALSE
    TSE2 = FALSE
    TSE1 = FALSE
    TS13 = FALSE
    TS12 = FALSE
    TS11 = FALSE
    TS10 = FALSE
    TS9 = FALSE
    TS8 = FALSE
    TS7 = FALSE
    TS6 = FALSE
    TS5 = FALSE
    TS4 = FALSE
    TS3 = FALSE
    TS23 = FALSE
    TS2 = FALSE
    TS1 = FALSE
-- specification AG (EF TS11)  is false
-- as demonstrated by the following execution sequence
Trace Description: CTL Counterexample 
Trace Type: Counterexample 
  -> State: 12.1 <-
    ST_AL1_ST1 = FALSE
    ST_AL1_ST2 = FALSE
    ST_AL1_ST3 = FALSE
    RP_AL1_ST_CLAMPED = FALSE
    AL1_ST_DETECTED = FALSE
    AL1_ST_X_POS = 0
    AL1_ST_Y_POS = 0
    AL1_ST_Z_POS = 0
    PA13 = TRUE
    PSA0 = FALSE
    PSA1 = FALSE
    PS0 = TRUE
    PSC = TRUE
    PS1 = FALSE
    PS23 = FALSE
    PS2 = FALSE
    PS3 = FALSE
    PS4 = FALSE
    PS5 = FALSE
    PS6 = FALSE
    PS7 = FALSE
    PS8 = FALSE
    PS9 = FALSE
    PS10 = FALSE
    PS11 = FALSE
    PS12 = FALSE
    PSE1 = FALSE
    PSE2 = FALSE
    PSE0 = TRUE
    PG0 = FALSE
    timer_1_PS23.Q = FALSE
    AL1_ST_Z_SET = 0
    AL1_ST_Y_SET = 0
    AL1_ST_X_SET = 0
    RP_AL1_ST_CLAMP = FALSE
    RC_AL1_ST = FALSE
    PAS_AL1_ST_TURN = FALSE
    AL1_ST_GRAB = FALSE
    AL1_EMIT = FALSE
    RP_AL1_ST_CLAMP_reset = TRUE
    RC_AL1_ST_reset = TRUE
    PAS_AL1_ST_TURN_reset = FALSE
    AL1_ST_GRAB_reset = FALSE
    AL1_EMIT_reset = TRUE
    RP_AL1_ST_CLAMP_set = FALSE
    RC_AL1_ST_set = FALSE
    PAS_AL1_ST_TURN_set = FALSE
    AL1_ST_GRAB_set = FALSE
    AL1_EMIT_set = FALSE
    stab = TRUE
    GENERIC_PRE = FALSE
    GENERIC_POST = FALSE
    TSE2 = FALSE
    TSE1 = FALSE
    TS13 = FALSE
    TS12 = FALSE
    TS11 = FALSE
    TS10 = FALSE
    TS9 = FALSE
    TS8 = FALSE
    TS7 = FALSE
    TS6 = FALSE
    TS5 = FALSE
    TS4 = FALSE
    TS3 = FALSE
    TS23 = FALSE
    TS2 = FALSE
    TS1 = FALSE
-- specification AG (EF TS12)  is false
-- as demonstrated by the following execution sequence
Trace Description: CTL Counterexample 
Trace Type: Counterexample 
  -> State: 13.1 <-
    ST_AL1_ST1 = FALSE
    ST_AL1_ST2 = FALSE
    ST_AL1_ST3 = FALSE
    RP_AL1_ST_CLAMPED = FALSE
    AL1_ST_DETECTED = FALSE
    AL1_ST_X_POS = 0
    AL1_ST_Y_POS = 0
    AL1_ST_Z_POS = 0
    PA13 = TRUE
    PSA0 = FALSE
    PSA1 = FALSE
    PS0 = TRUE
    PSC = TRUE
    PS1 = FALSE
    PS23 = FALSE
    PS2 = FALSE
    PS3 = FALSE
    PS4 = FALSE
    PS5 = FALSE
    PS6 = FALSE
    PS7 = FALSE
    PS8 = FALSE
    PS9 = FALSE
    PS10 = FALSE
    PS11 = FALSE
    PS12 = FALSE
    PSE1 = FALSE
    PSE2 = FALSE
    PSE0 = TRUE
    PG0 = FALSE
    timer_1_PS23.Q = FALSE
    AL1_ST_Z_SET = 0
    AL1_ST_Y_SET = 0
    AL1_ST_X_SET = 0
    RP_AL1_ST_CLAMP = FALSE
    RC_AL1_ST = FALSE
    PAS_AL1_ST_TURN = FALSE
    AL1_ST_GRAB = FALSE
    AL1_EMIT = FALSE
    RP_AL1_ST_CLAMP_reset = TRUE
    RC_AL1_ST_reset = TRUE
    PAS_AL1_ST_TURN_reset = FALSE
    AL1_ST_GRAB_reset = FALSE
    AL1_EMIT_reset = TRUE
    RP_AL1_ST_CLAMP_set = FALSE
    RC_AL1_ST_set = FALSE
    PAS_AL1_ST_TURN_set = FALSE
    AL1_ST_GRAB_set = FALSE
    AL1_EMIT_set = FALSE
    stab = TRUE
    GENERIC_PRE = FALSE
    GENERIC_POST = FALSE
    TSE2 = FALSE
    TSE1 = FALSE
    TS13 = FALSE
    TS12 = FALSE
    TS11 = FALSE
    TS10 = FALSE
    TS9 = FALSE
    TS8 = FALSE
    TS7 = FALSE
    TS6 = FALSE
    TS5 = FALSE
    TS4 = FALSE
    TS3 = FALSE
    TS23 = FALSE
    TS2 = FALSE
    TS1 = FALSE
-- specification AG (EF TS13)  is false
-- as demonstrated by the following execution sequence
Trace Description: CTL Counterexample 
Trace Type: Counterexample 
  -> State: 14.1 <-
    ST_AL1_ST1 = FALSE
    ST_AL1_ST2 = FALSE
    ST_AL1_ST3 = FALSE
    RP_AL1_ST_CLAMPED = FALSE
    AL1_ST_DETECTED = FALSE
    AL1_ST_X_POS = 0
    AL1_ST_Y_POS = 0
    AL1_ST_Z_POS = 0
    PA13 = TRUE
    PSA0 = FALSE
    PSA1 = FALSE
    PS0 = TRUE
    PSC = TRUE
    PS1 = FALSE
    PS23 = FALSE
    PS2 = FALSE
    PS3 = FALSE
    PS4 = FALSE
    PS5 = FALSE
    PS6 = FALSE
    PS7 = FALSE
    PS8 = FALSE
    PS9 = FALSE
    PS10 = FALSE
    PS11 = FALSE
    PS12 = FALSE
    PSE1 = FALSE
    PSE2 = FALSE
    PSE0 = TRUE
    PG0 = FALSE
    timer_1_PS23.Q = FALSE
    AL1_ST_Z_SET = 0
    AL1_ST_Y_SET = 0
    AL1_ST_X_SET = 0
    RP_AL1_ST_CLAMP = FALSE
    RC_AL1_ST = FALSE
    PAS_AL1_ST_TURN = FALSE
    AL1_ST_GRAB = FALSE
    AL1_EMIT = FALSE
    RP_AL1_ST_CLAMP_reset = TRUE
    RC_AL1_ST_reset = TRUE
    PAS_AL1_ST_TURN_reset = FALSE
    AL1_ST_GRAB_reset = FALSE
    AL1_EMIT_reset = TRUE
    RP_AL1_ST_CLAMP_set = FALSE
    RC_AL1_ST_set = FALSE
    PAS_AL1_ST_TURN_set = FALSE
    AL1_ST_GRAB_set = FALSE
    AL1_EMIT_set = FALSE
    stab = TRUE
    GENERIC_PRE = FALSE
    GENERIC_POST = FALSE
    TSE2 = FALSE
    TSE1 = FALSE
    TS13 = FALSE
    TS12 = FALSE
    TS11 = FALSE
    TS10 = FALSE
    TS9 = FALSE
    TS8 = FALSE
    TS7 = FALSE
    TS6 = FALSE
    TS5 = FALSE
    TS4 = FALSE
    TS3 = FALSE
    TS23 = FALSE
    TS2 = FALSE
    TS1 = FALSE
-- specification AG (EF TSE1)  is false
-- as demonstrated by the following execution sequence
Trace Description: CTL Counterexample 
Trace Type: Counterexample 
  -> State: 15.1 <-
    ST_AL1_ST1 = FALSE
    ST_AL1_ST2 = FALSE
    ST_AL1_ST3 = FALSE
    RP_AL1_ST_CLAMPED = FALSE
    AL1_ST_DETECTED = FALSE
    AL1_ST_X_POS = 0
    AL1_ST_Y_POS = 0
    AL1_ST_Z_POS = 0
    PA13 = TRUE
    PSA0 = FALSE
    PSA1 = FALSE
    PS0 = TRUE
    PSC = TRUE
    PS1 = FALSE
    PS23 = FALSE
    PS2 = FALSE
    PS3 = FALSE
    PS4 = FALSE
    PS5 = FALSE
    PS6 = FALSE
    PS7 = FALSE
    PS8 = FALSE
    PS9 = FALSE
    PS10 = FALSE
    PS11 = FALSE
    PS12 = FALSE
    PSE1 = FALSE
    PSE2 = FALSE
    PSE0 = TRUE
    PG0 = FALSE
    timer_1_PS23.Q = FALSE
    AL1_ST_Z_SET = 0
    AL1_ST_Y_SET = 0
    AL1_ST_X_SET = 0
    RP_AL1_ST_CLAMP = FALSE
    RC_AL1_ST = FALSE
    PAS_AL1_ST_TURN = FALSE
    AL1_ST_GRAB = FALSE
    AL1_EMIT = FALSE
    RP_AL1_ST_CLAMP_reset = TRUE
    RC_AL1_ST_reset = TRUE
    PAS_AL1_ST_TURN_reset = FALSE
    AL1_ST_GRAB_reset = FALSE
    AL1_EMIT_reset = TRUE
    RP_AL1_ST_CLAMP_set = FALSE
    RC_AL1_ST_set = FALSE
    PAS_AL1_ST_TURN_set = FALSE
    AL1_ST_GRAB_set = FALSE
    AL1_EMIT_set = FALSE
    stab = TRUE
    GENERIC_PRE = FALSE
    GENERIC_POST = FALSE
    TSE2 = FALSE
    TSE1 = FALSE
    TS13 = FALSE
    TS12 = FALSE
    TS11 = FALSE
    TS10 = FALSE
    TS9 = FALSE
    TS8 = FALSE
    TS7 = FALSE
    TS6 = FALSE
    TS5 = FALSE
    TS4 = FALSE
    TS3 = FALSE
    TS23 = FALSE
    TS2 = FALSE
    TS1 = FALSE
-- specification AG (EF TSE2)  is false
-- as demonstrated by the following execution sequence
Trace Description: CTL Counterexample 
Trace Type: Counterexample 
  -> State: 16.1 <-
    ST_AL1_ST1 = FALSE
    ST_AL1_ST2 = FALSE
    ST_AL1_ST3 = FALSE
    RP_AL1_ST_CLAMPED = FALSE
    AL1_ST_DETECTED = FALSE
    AL1_ST_X_POS = 0
    AL1_ST_Y_POS = 0
    AL1_ST_Z_POS = 0
    PA13 = TRUE
    PSA0 = FALSE
    PSA1 = FALSE
    PS0 = TRUE
    PSC = TRUE
    PS1 = FALSE
    PS23 = FALSE
    PS2 = FALSE
    PS3 = FALSE
    PS4 = FALSE
    PS5 = FALSE
    PS6 = FALSE
    PS7 = FALSE
    PS8 = FALSE
    PS9 = FALSE
    PS10 = FALSE
    PS11 = FALSE
    PS12 = FALSE
    PSE1 = FALSE
    PSE2 = FALSE
    PSE0 = TRUE
    PG0 = FALSE
    timer_1_PS23.Q = FALSE
    AL1_ST_Z_SET = 0
    AL1_ST_Y_SET = 0
    AL1_ST_X_SET = 0
    RP_AL1_ST_CLAMP = FALSE
    RC_AL1_ST = FALSE
    PAS_AL1_ST_TURN = FALSE
    AL1_ST_GRAB = FALSE
    AL1_EMIT = FALSE
    RP_AL1_ST_CLAMP_reset = TRUE
    RC_AL1_ST_reset = TRUE
    PAS_AL1_ST_TURN_reset = FALSE
    AL1_ST_GRAB_reset = FALSE
    AL1_EMIT_reset = TRUE
    RP_AL1_ST_CLAMP_set = FALSE
    RC_AL1_ST_set = FALSE
    PAS_AL1_ST_TURN_set = FALSE
    AL1_ST_GRAB_set = FALSE
    AL1_EMIT_set = FALSE
    stab = TRUE
    GENERIC_PRE = FALSE
    GENERIC_POST = FALSE
    TSE2 = FALSE
    TSE1 = FALSE
    TS13 = FALSE
    TS12 = FALSE
    TS11 = FALSE
    TS10 = FALSE
    TS9 = FALSE
    TS8 = FALSE
    TS7 = FALSE
    TS6 = FALSE
    TS5 = FALSE
    TS4 = FALSE
    TS3 = FALSE
    TS23 = FALSE
    TS2 = FALSE
    TS1 = FALSE
-- specification AG (EF GENERIC_POST)  is false
-- as demonstrated by the following execution sequence
Trace Description: CTL Counterexample 
Trace Type: Counterexample 
  -> State: 17.1 <-
    ST_AL1_ST1 = FALSE
    ST_AL1_ST2 = FALSE
    ST_AL1_ST3 = FALSE
    RP_AL1_ST_CLAMPED = FALSE
    AL1_ST_DETECTED = FALSE
    AL1_ST_X_POS = 0
    AL1_ST_Y_POS = 0
    AL1_ST_Z_POS = 0
    PA13 = TRUE
    PSA0 = FALSE
    PSA1 = FALSE
    PS0 = TRUE
    PSC = TRUE
    PS1 = FALSE
    PS23 = FALSE
    PS2 = FALSE
    PS3 = FALSE
    PS4 = FALSE
    PS5 = FALSE
    PS6 = FALSE
    PS7 = FALSE
    PS8 = FALSE
    PS9 = FALSE
    PS10 = FALSE
    PS11 = FALSE
    PS12 = FALSE
    PSE1 = FALSE
    PSE2 = FALSE
    PSE0 = TRUE
    PG0 = FALSE
    timer_1_PS23.Q = FALSE
    AL1_ST_Z_SET = 0
    AL1_ST_Y_SET = 0
    AL1_ST_X_SET = 0
    RP_AL1_ST_CLAMP = FALSE
    RC_AL1_ST = FALSE
    PAS_AL1_ST_TURN = FALSE
    AL1_ST_GRAB = FALSE
    AL1_EMIT = FALSE
    RP_AL1_ST_CLAMP_reset = TRUE
    RC_AL1_ST_reset = TRUE
    PAS_AL1_ST_TURN_reset = FALSE
    AL1_ST_GRAB_reset = FALSE
    AL1_EMIT_reset = TRUE
    RP_AL1_ST_CLAMP_set = FALSE
    RC_AL1_ST_set = FALSE
    PAS_AL1_ST_TURN_set = FALSE
    AL1_ST_GRAB_set = FALSE
    AL1_EMIT_set = FALSE
    stab = TRUE
    GENERIC_PRE = FALSE
    GENERIC_POST = FALSE
    TSE2 = FALSE
    TSE1 = FALSE
    TS13 = FALSE
    TS12 = FALSE
    TS11 = FALSE
    TS10 = FALSE
    TS9 = FALSE
    TS8 = FALSE
    TS7 = FALSE
    TS6 = FALSE
    TS5 = FALSE
    TS4 = FALSE
    TS3 = FALSE
    TS23 = FALSE
    TS2 = FALSE
    TS1 = FALSE
-- specification AG (EF GENERIC_PRE)  is false
-- as demonstrated by the following execution sequence
Trace Description: CTL Counterexample 
Trace Type: Counterexample 
  -> State: 18.1 <-
    ST_AL1_ST1 = FALSE
    ST_AL1_ST2 = FALSE
    ST_AL1_ST3 = FALSE
    RP_AL1_ST_CLAMPED = FALSE
    AL1_ST_DETECTED = FALSE
    AL1_ST_X_POS = 0
    AL1_ST_Y_POS = 0
    AL1_ST_Z_POS = 0
    PA13 = TRUE
    PSA0 = FALSE
    PSA1 = FALSE
    PS0 = TRUE
    PSC = TRUE
    PS1 = FALSE
    PS23 = FALSE
    PS2 = FALSE
    PS3 = FALSE
    PS4 = FALSE
    PS5 = FALSE
    PS6 = FALSE
    PS7 = FALSE
    PS8 = FALSE
    PS9 = FALSE
    PS10 = FALSE
    PS11 = FALSE
    PS12 = FALSE
    PSE1 = FALSE
    PSE2 = FALSE
    PSE0 = TRUE
    PG0 = FALSE
    timer_1_PS23.Q = FALSE
    AL1_ST_Z_SET = 0
    AL1_ST_Y_SET = 0
    AL1_ST_X_SET = 0
    RP_AL1_ST_CLAMP = FALSE
    RC_AL1_ST = FALSE
    PAS_AL1_ST_TURN = FALSE
    AL1_ST_GRAB = FALSE
    AL1_EMIT = FALSE
    RP_AL1_ST_CLAMP_reset = TRUE
    RC_AL1_ST_reset = TRUE
    PAS_AL1_ST_TURN_reset = FALSE
    AL1_ST_GRAB_reset = FALSE
    AL1_EMIT_reset = TRUE
    RP_AL1_ST_CLAMP_set = FALSE
    RC_AL1_ST_set = FALSE
    PAS_AL1_ST_TURN_set = FALSE
    AL1_ST_GRAB_set = FALSE
    AL1_EMIT_set = FALSE
    stab = TRUE
    GENERIC_PRE = FALSE
    GENERIC_POST = FALSE
    TSE2 = FALSE
    TSE1 = FALSE
    TS13 = FALSE
    TS12 = FALSE
    TS11 = FALSE
    TS10 = FALSE
    TS9 = FALSE
    TS8 = FALSE
    TS7 = FALSE
    TS6 = FALSE
    TS5 = FALSE
    TS4 = FALSE
    TS3 = FALSE
    TS23 = FALSE
    TS2 = FALSE
    TS1 = FALSE
  -> State: 18.2 <-
    ST_AL1_ST1 = TRUE
    ST_AL1_ST2 = TRUE
    RP_AL1_ST_CLAMPED = TRUE
    stab = FALSE
    TS1 = TRUE
  -> State: 18.3 <-
    PA13 = FALSE
    PS1 = TRUE
    GENERIC_PRE = TRUE
    TS2 = TRUE
    TS1 = FALSE
  -> State: 18.4 <-
    PA13 = TRUE
    PS0 = FALSE
    PSC = FALSE
    PS1 = FALSE
    PS23 = TRUE
    AL1_ST_GRAB_reset = TRUE
    GENERIC_PRE = FALSE
    TS2 = FALSE
    TS1 = TRUE
  -> State: 18.5 <-
    PA13 = FALSE
    PS1 = TRUE
    GENERIC_PRE = TRUE
    TS1 = FALSE
  -> State: 18.6 <-
    PA13 = TRUE
    stab = TRUE
    GENERIC_PRE = FALSE
-- specification AG (EF (((((((((((((((((TS1 | TS2) | TS23) | TS3) | TS4) | TS5) | TS6) | TS7) | TS8) | TS9) | TS10) | TS11) | TS12) | TS13) | TSE1) | TSE2) | GENERIC_POST) | GENERIC_PRE))  is false
-- as demonstrated by the following execution sequence
Trace Description: CTL Counterexample 
Trace Type: Counterexample 
  -> State: 19.1 <-
    ST_AL1_ST1 = FALSE
    ST_AL1_ST2 = FALSE
    ST_AL1_ST3 = FALSE
    RP_AL1_ST_CLAMPED = FALSE
    AL1_ST_DETECTED = FALSE
    AL1_ST_X_POS = 0
    AL1_ST_Y_POS = 0
    AL1_ST_Z_POS = 0
    PA13 = TRUE
    PSA0 = FALSE
    PSA1 = FALSE
    PS0 = TRUE
    PSC = TRUE
    PS1 = FALSE
    PS23 = FALSE
    PS2 = FALSE
    PS3 = FALSE
    PS4 = FALSE
    PS5 = FALSE
    PS6 = FALSE
    PS7 = FALSE
    PS8 = FALSE
    PS9 = FALSE
    PS10 = FALSE
    PS11 = FALSE
    PS12 = FALSE
    PSE1 = FALSE
    PSE2 = FALSE
    PSE0 = TRUE
    PG0 = FALSE
    timer_1_PS23.Q = FALSE
    AL1_ST_Z_SET = 0
    AL1_ST_Y_SET = 0
    AL1_ST_X_SET = 0
    RP_AL1_ST_CLAMP = FALSE
    RC_AL1_ST = FALSE
    PAS_AL1_ST_TURN = FALSE
    AL1_ST_GRAB = FALSE
    AL1_EMIT = FALSE
    RP_AL1_ST_CLAMP_reset = TRUE
    RC_AL1_ST_reset = TRUE
    PAS_AL1_ST_TURN_reset = FALSE
    AL1_ST_GRAB_reset = FALSE
    AL1_EMIT_reset = TRUE
    RP_AL1_ST_CLAMP_set = FALSE
    RC_AL1_ST_set = FALSE
    PAS_AL1_ST_TURN_set = FALSE
    AL1_ST_GRAB_set = FALSE
    AL1_EMIT_set = FALSE
    stab = TRUE
    GENERIC_PRE = FALSE
    GENERIC_POST = FALSE
    TSE2 = FALSE
    TSE1 = FALSE
    TS13 = FALSE
    TS12 = FALSE
    TS11 = FALSE
    TS10 = FALSE
    TS9 = FALSE
    TS8 = FALSE
    TS7 = FALSE
    TS6 = FALSE
    TS5 = FALSE
    TS4 = FALSE
    TS3 = FALSE
    TS23 = FALSE
    TS2 = FALSE
    TS1 = FALSE
  -> State: 19.2 <-
    ST_AL1_ST1 = TRUE
    ST_AL1_ST2 = TRUE
    RP_AL1_ST_CLAMPED = TRUE
    AL1_ST_Y_POS = 560
    stab = FALSE
    TS1 = TRUE
  -> State: 19.3 <-
    PA13 = FALSE
    PS1 = TRUE
    GENERIC_PRE = TRUE
    TS2 = TRUE
    TS1 = FALSE
  -> State: 19.4 <-
    PA13 = TRUE
    PS0 = FALSE
    PSC = FALSE
    PS1 = FALSE
    PS23 = TRUE
    timer_1_PS23.Q = TRUE
    AL1_ST_GRAB_reset = TRUE
    GENERIC_PRE = FALSE
    TS23 = TRUE
    TS2 = FALSE
    TS1 = TRUE
  -> State: 19.5 <-
    PA13 = FALSE
    PS1 = TRUE
    PS23 = FALSE
    PS2 = TRUE
    timer_1_PS23.Q = FALSE
    RP_AL1_ST_CLAMP = TRUE
    RP_AL1_ST_CLAMP_reset = FALSE
    RP_AL1_ST_CLAMP_set = TRUE
    GENERIC_PRE = TRUE
    TS3 = TRUE
    TS23 = FALSE
    TS1 = FALSE
  -> State: 19.6 <-
    PA13 = TRUE
    PS2 = FALSE
    PS3 = TRUE
    AL1_ST_Y_SET = 560
    GENERIC_PRE = FALSE
    TS4 = TRUE
    TS3 = FALSE
  -> State: 19.7 <-
    PS3 = FALSE
    PS4 = TRUE
    AL1_ST_Y_SET = 0
    stab = TRUE
    TS4 = FALSE
-- specification EF TS1  is true
-- specification EF TS2  is true
-- specification EF TS23  is true
-- specification EF TS3  is true
-- specification EF TS4  is true
-- specification EF TS5  is false
-- as demonstrated by the following execution sequence
Trace Description: CTL Counterexample 
Trace Type: Counterexample 
  -> State: 20.1 <-
    ST_AL1_ST1 = FALSE
    ST_AL1_ST2 = FALSE
    ST_AL1_ST3 = FALSE
    RP_AL1_ST_CLAMPED = FALSE
    AL1_ST_DETECTED = FALSE
    AL1_ST_X_POS = 0
    AL1_ST_Y_POS = 0
    AL1_ST_Z_POS = 0
    PA13 = TRUE
    PSA0 = FALSE
    PSA1 = FALSE
    PS0 = TRUE
    PSC = TRUE
    PS1 = FALSE
    PS23 = FALSE
    PS2 = FALSE
    PS3 = FALSE
    PS4 = FALSE
    PS5 = FALSE
    PS6 = FALSE
    PS7 = FALSE
    PS8 = FALSE
    PS9 = FALSE
    PS10 = FALSE
    PS11 = FALSE
    PS12 = FALSE
    PSE1 = FALSE
    PSE2 = FALSE
    PSE0 = TRUE
    PG0 = FALSE
    timer_1_PS23.Q = FALSE
    AL1_ST_Z_SET = 0
    AL1_ST_Y_SET = 0
    AL1_ST_X_SET = 0
    RP_AL1_ST_CLAMP = FALSE
    RC_AL1_ST = FALSE
    PAS_AL1_ST_TURN = FALSE
    AL1_ST_GRAB = FALSE
    AL1_EMIT = FALSE
    RP_AL1_ST_CLAMP_reset = TRUE
    RC_AL1_ST_reset = TRUE
    PAS_AL1_ST_TURN_reset = FALSE
    AL1_ST_GRAB_reset = FALSE
    AL1_EMIT_reset = TRUE
    RP_AL1_ST_CLAMP_set = FALSE
    RC_AL1_ST_set = FALSE
    PAS_AL1_ST_TURN_set = FALSE
    AL1_ST_GRAB_set = FALSE
    AL1_EMIT_set = FALSE
    stab = TRUE
    GENERIC_PRE = FALSE
    GENERIC_POST = FALSE
    TSE2 = FALSE
    TSE1 = FALSE
    TS13 = FALSE
    TS12 = FALSE
    TS11 = FALSE
    TS10 = FALSE
    TS9 = FALSE
    TS8 = FALSE
    TS7 = FALSE
    TS6 = FALSE
    TS5 = FALSE
    TS4 = FALSE
    TS3 = FALSE
    TS23 = FALSE
    TS2 = FALSE
    TS1 = FALSE
-- specification EF TS6  is false
-- as demonstrated by the following execution sequence
Trace Description: CTL Counterexample 
Trace Type: Counterexample 
  -> State: 21.1 <-
    ST_AL1_ST1 = FALSE
    ST_AL1_ST2 = FALSE
    ST_AL1_ST3 = FALSE
    RP_AL1_ST_CLAMPED = FALSE
    AL1_ST_DETECTED = FALSE
    AL1_ST_X_POS = 0
    AL1_ST_Y_POS = 0
    AL1_ST_Z_POS = 0
    PA13 = TRUE
    PSA0 = FALSE
    PSA1 = FALSE
    PS0 = TRUE
    PSC = TRUE
    PS1 = FALSE
    PS23 = FALSE
    PS2 = FALSE
    PS3 = FALSE
    PS4 = FALSE
    PS5 = FALSE
    PS6 = FALSE
    PS7 = FALSE
    PS8 = FALSE
    PS9 = FALSE
    PS10 = FALSE
    PS11 = FALSE
    PS12 = FALSE
    PSE1 = FALSE
    PSE2 = FALSE
    PSE0 = TRUE
    PG0 = FALSE
    timer_1_PS23.Q = FALSE
    AL1_ST_Z_SET = 0
    AL1_ST_Y_SET = 0
    AL1_ST_X_SET = 0
    RP_AL1_ST_CLAMP = FALSE
    RC_AL1_ST = FALSE
    PAS_AL1_ST_TURN = FALSE
    AL1_ST_GRAB = FALSE
    AL1_EMIT = FALSE
    RP_AL1_ST_CLAMP_reset = TRUE
    RC_AL1_ST_reset = TRUE
    PAS_AL1_ST_TURN_reset = FALSE
    AL1_ST_GRAB_reset = FALSE
    AL1_EMIT_reset = TRUE
    RP_AL1_ST_CLAMP_set = FALSE
    RC_AL1_ST_set = FALSE
    PAS_AL1_ST_TURN_set = FALSE
    AL1_ST_GRAB_set = FALSE
    AL1_EMIT_set = FALSE
    stab = TRUE
    GENERIC_PRE = FALSE
    GENERIC_POST = FALSE
    TSE2 = FALSE
    TSE1 = FALSE
    TS13 = FALSE
    TS12 = FALSE
    TS11 = FALSE
    TS10 = FALSE
    TS9 = FALSE
    TS8 = FALSE
    TS7 = FALSE
    TS6 = FALSE
    TS5 = FALSE
    TS4 = FALSE
    TS3 = FALSE
    TS23 = FALSE
    TS2 = FALSE
    TS1 = FALSE
-- specification EF TS7  is false
-- as demonstrated by the following execution sequence
Trace Description: CTL Counterexample 
Trace Type: Counterexample 
  -> State: 22.1 <-
    ST_AL1_ST1 = FALSE
    ST_AL1_ST2 = FALSE
    ST_AL1_ST3 = FALSE
    RP_AL1_ST_CLAMPED = FALSE
    AL1_ST_DETECTED = FALSE
    AL1_ST_X_POS = 0
    AL1_ST_Y_POS = 0
    AL1_ST_Z_POS = 0
    PA13 = TRUE
    PSA0 = FALSE
    PSA1 = FALSE
    PS0 = TRUE
    PSC = TRUE
    PS1 = FALSE
    PS23 = FALSE
    PS2 = FALSE
    PS3 = FALSE
    PS4 = FALSE
    PS5 = FALSE
    PS6 = FALSE
    PS7 = FALSE
    PS8 = FALSE
    PS9 = FALSE
    PS10 = FALSE
    PS11 = FALSE
    PS12 = FALSE
    PSE1 = FALSE
    PSE2 = FALSE
    PSE0 = TRUE
    PG0 = FALSE
    timer_1_PS23.Q = FALSE
    AL1_ST_Z_SET = 0
    AL1_ST_Y_SET = 0
    AL1_ST_X_SET = 0
    RP_AL1_ST_CLAMP = FALSE
    RC_AL1_ST = FALSE
    PAS_AL1_ST_TURN = FALSE
    AL1_ST_GRAB = FALSE
    AL1_EMIT = FALSE
    RP_AL1_ST_CLAMP_reset = TRUE
    RC_AL1_ST_reset = TRUE
    PAS_AL1_ST_TURN_reset = FALSE
    AL1_ST_GRAB_reset = FALSE
    AL1_EMIT_reset = TRUE
    RP_AL1_ST_CLAMP_set = FALSE
    RC_AL1_ST_set = FALSE
    PAS_AL1_ST_TURN_set = FALSE
    AL1_ST_GRAB_set = FALSE
    AL1_EMIT_set = FALSE
    stab = TRUE
    GENERIC_PRE = FALSE
    GENERIC_POST = FALSE
    TSE2 = FALSE
    TSE1 = FALSE
    TS13 = FALSE
    TS12 = FALSE
    TS11 = FALSE
    TS10 = FALSE
    TS9 = FALSE
    TS8 = FALSE
    TS7 = FALSE
    TS6 = FALSE
    TS5 = FALSE
    TS4 = FALSE
    TS3 = FALSE
    TS23 = FALSE
    TS2 = FALSE
    TS1 = FALSE
-- specification EF TS8  is false
-- as demonstrated by the following execution sequence
Trace Description: CTL Counterexample 
Trace Type: Counterexample 
  -> State: 23.1 <-
    ST_AL1_ST1 = FALSE
    ST_AL1_ST2 = FALSE
    ST_AL1_ST3 = FALSE
    RP_AL1_ST_CLAMPED = FALSE
    AL1_ST_DETECTED = FALSE
    AL1_ST_X_POS = 0
    AL1_ST_Y_POS = 0
    AL1_ST_Z_POS = 0
    PA13 = TRUE
    PSA0 = FALSE
    PSA1 = FALSE
    PS0 = TRUE
    PSC = TRUE
    PS1 = FALSE
    PS23 = FALSE
    PS2 = FALSE
    PS3 = FALSE
    PS4 = FALSE
    PS5 = FALSE
    PS6 = FALSE
    PS7 = FALSE
    PS8 = FALSE
    PS9 = FALSE
    PS10 = FALSE
    PS11 = FALSE
    PS12 = FALSE
    PSE1 = FALSE
    PSE2 = FALSE
    PSE0 = TRUE
    PG0 = FALSE
    timer_1_PS23.Q = FALSE
    AL1_ST_Z_SET = 0
    AL1_ST_Y_SET = 0
    AL1_ST_X_SET = 0
    RP_AL1_ST_CLAMP = FALSE
    RC_AL1_ST = FALSE
    PAS_AL1_ST_TURN = FALSE
    AL1_ST_GRAB = FALSE
    AL1_EMIT = FALSE
    RP_AL1_ST_CLAMP_reset = TRUE
    RC_AL1_ST_reset = TRUE
    PAS_AL1_ST_TURN_reset = FALSE
    AL1_ST_GRAB_reset = FALSE
    AL1_EMIT_reset = TRUE
    RP_AL1_ST_CLAMP_set = FALSE
    RC_AL1_ST_set = FALSE
    PAS_AL1_ST_TURN_set = FALSE
    AL1_ST_GRAB_set = FALSE
    AL1_EMIT_set = FALSE
    stab = TRUE
    GENERIC_PRE = FALSE
    GENERIC_POST = FALSE
    TSE2 = FALSE
    TSE1 = FALSE
    TS13 = FALSE
    TS12 = FALSE
    TS11 = FALSE
    TS10 = FALSE
    TS9 = FALSE
    TS8 = FALSE
    TS7 = FALSE
    TS6 = FALSE
    TS5 = FALSE
    TS4 = FALSE
    TS3 = FALSE
    TS23 = FALSE
    TS2 = FALSE
    TS1 = FALSE
-- specification EF TS9  is false
-- as demonstrated by the following execution sequence
Trace Description: CTL Counterexample 
Trace Type: Counterexample 
  -> State: 24.1 <-
    ST_AL1_ST1 = FALSE
    ST_AL1_ST2 = FALSE
    ST_AL1_ST3 = FALSE
    RP_AL1_ST_CLAMPED = FALSE
    AL1_ST_DETECTED = FALSE
    AL1_ST_X_POS = 0
    AL1_ST_Y_POS = 0
    AL1_ST_Z_POS = 0
    PA13 = TRUE
    PSA0 = FALSE
    PSA1 = FALSE
    PS0 = TRUE
    PSC = TRUE
    PS1 = FALSE
    PS23 = FALSE
    PS2 = FALSE
    PS3 = FALSE
    PS4 = FALSE
    PS5 = FALSE
    PS6 = FALSE
    PS7 = FALSE
    PS8 = FALSE
    PS9 = FALSE
    PS10 = FALSE
    PS11 = FALSE
    PS12 = FALSE
    PSE1 = FALSE
    PSE2 = FALSE
    PSE0 = TRUE
    PG0 = FALSE
    timer_1_PS23.Q = FALSE
    AL1_ST_Z_SET = 0
    AL1_ST_Y_SET = 0
    AL1_ST_X_SET = 0
    RP_AL1_ST_CLAMP = FALSE
    RC_AL1_ST = FALSE
    PAS_AL1_ST_TURN = FALSE
    AL1_ST_GRAB = FALSE
    AL1_EMIT = FALSE
    RP_AL1_ST_CLAMP_reset = TRUE
    RC_AL1_ST_reset = TRUE
    PAS_AL1_ST_TURN_reset = FALSE
    AL1_ST_GRAB_reset = FALSE
    AL1_EMIT_reset = TRUE
    RP_AL1_ST_CLAMP_set = FALSE
    RC_AL1_ST_set = FALSE
    PAS_AL1_ST_TURN_set = FALSE
    AL1_ST_GRAB_set = FALSE
    AL1_EMIT_set = FALSE
    stab = TRUE
    GENERIC_PRE = FALSE
    GENERIC_POST = FALSE
    TSE2 = FALSE
    TSE1 = FALSE
    TS13 = FALSE
    TS12 = FALSE
    TS11 = FALSE
    TS10 = FALSE
    TS9 = FALSE
    TS8 = FALSE
    TS7 = FALSE
    TS6 = FALSE
    TS5 = FALSE
    TS4 = FALSE
    TS3 = FALSE
    TS23 = FALSE
    TS2 = FALSE
    TS1 = FALSE
-- specification EF TS10  is false
-- as demonstrated by the following execution sequence
Trace Description: CTL Counterexample 
Trace Type: Counterexample 
  -> State: 25.1 <-
    ST_AL1_ST1 = FALSE
    ST_AL1_ST2 = FALSE
    ST_AL1_ST3 = FALSE
    RP_AL1_ST_CLAMPED = FALSE
    AL1_ST_DETECTED = FALSE
    AL1_ST_X_POS = 0
    AL1_ST_Y_POS = 0
    AL1_ST_Z_POS = 0
    PA13 = TRUE
    PSA0 = FALSE
    PSA1 = FALSE
    PS0 = TRUE
    PSC = TRUE
    PS1 = FALSE
    PS23 = FALSE
    PS2 = FALSE
    PS3 = FALSE
    PS4 = FALSE
    PS5 = FALSE
    PS6 = FALSE
    PS7 = FALSE
    PS8 = FALSE
    PS9 = FALSE
    PS10 = FALSE
    PS11 = FALSE
    PS12 = FALSE
    PSE1 = FALSE
    PSE2 = FALSE
    PSE0 = TRUE
    PG0 = FALSE
    timer_1_PS23.Q = FALSE
    AL1_ST_Z_SET = 0
    AL1_ST_Y_SET = 0
    AL1_ST_X_SET = 0
    RP_AL1_ST_CLAMP = FALSE
    RC_AL1_ST = FALSE
    PAS_AL1_ST_TURN = FALSE
    AL1_ST_GRAB = FALSE
    AL1_EMIT = FALSE
    RP_AL1_ST_CLAMP_reset = TRUE
    RC_AL1_ST_reset = TRUE
    PAS_AL1_ST_TURN_reset = FALSE
    AL1_ST_GRAB_reset = FALSE
    AL1_EMIT_reset = TRUE
    RP_AL1_ST_CLAMP_set = FALSE
    RC_AL1_ST_set = FALSE
    PAS_AL1_ST_TURN_set = FALSE
    AL1_ST_GRAB_set = FALSE
    AL1_EMIT_set = FALSE
    stab = TRUE
    GENERIC_PRE = FALSE
    GENERIC_POST = FALSE
    TSE2 = FALSE
    TSE1 = FALSE
    TS13 = FALSE
    TS12 = FALSE
    TS11 = FALSE
    TS10 = FALSE
    TS9 = FALSE
    TS8 = FALSE
    TS7 = FALSE
    TS6 = FALSE
    TS5 = FALSE
    TS4 = FALSE
    TS3 = FALSE
    TS23 = FALSE
    TS2 = FALSE
    TS1 = FALSE
-- specification EF TS11  is false
-- as demonstrated by the following execution sequence
Trace Description: CTL Counterexample 
Trace Type: Counterexample 
  -> State: 26.1 <-
    ST_AL1_ST1 = FALSE
    ST_AL1_ST2 = FALSE
    ST_AL1_ST3 = FALSE
    RP_AL1_ST_CLAMPED = FALSE
    AL1_ST_DETECTED = FALSE
    AL1_ST_X_POS = 0
    AL1_ST_Y_POS = 0
    AL1_ST_Z_POS = 0
    PA13 = TRUE
    PSA0 = FALSE
    PSA1 = FALSE
    PS0 = TRUE
    PSC = TRUE
    PS1 = FALSE
    PS23 = FALSE
    PS2 = FALSE
    PS3 = FALSE
    PS4 = FALSE
    PS5 = FALSE
    PS6 = FALSE
    PS7 = FALSE
    PS8 = FALSE
    PS9 = FALSE
    PS10 = FALSE
    PS11 = FALSE
    PS12 = FALSE
    PSE1 = FALSE
    PSE2 = FALSE
    PSE0 = TRUE
    PG0 = FALSE
    timer_1_PS23.Q = FALSE
    AL1_ST_Z_SET = 0
    AL1_ST_Y_SET = 0
    AL1_ST_X_SET = 0
    RP_AL1_ST_CLAMP = FALSE
    RC_AL1_ST = FALSE
    PAS_AL1_ST_TURN = FALSE
    AL1_ST_GRAB = FALSE
    AL1_EMIT = FALSE
    RP_AL1_ST_CLAMP_reset = TRUE
    RC_AL1_ST_reset = TRUE
    PAS_AL1_ST_TURN_reset = FALSE
    AL1_ST_GRAB_reset = FALSE
    AL1_EMIT_reset = TRUE
    RP_AL1_ST_CLAMP_set = FALSE
    RC_AL1_ST_set = FALSE
    PAS_AL1_ST_TURN_set = FALSE
    AL1_ST_GRAB_set = FALSE
    AL1_EMIT_set = FALSE
    stab = TRUE
    GENERIC_PRE = FALSE
    GENERIC_POST = FALSE
    TSE2 = FALSE
    TSE1 = FALSE
    TS13 = FALSE
    TS12 = FALSE
    TS11 = FALSE
    TS10 = FALSE
    TS9 = FALSE
    TS8 = FALSE
    TS7 = FALSE
    TS6 = FALSE
    TS5 = FALSE
    TS4 = FALSE
    TS3 = FALSE
    TS23 = FALSE
    TS2 = FALSE
    TS1 = FALSE
-- specification EF TS12  is false
-- as demonstrated by the following execution sequence
Trace Description: CTL Counterexample 
Trace Type: Counterexample 
  -> State: 27.1 <-
    ST_AL1_ST1 = FALSE
    ST_AL1_ST2 = FALSE
    ST_AL1_ST3 = FALSE
    RP_AL1_ST_CLAMPED = FALSE
    AL1_ST_DETECTED = FALSE
    AL1_ST_X_POS = 0
    AL1_ST_Y_POS = 0
    AL1_ST_Z_POS = 0
    PA13 = TRUE
    PSA0 = FALSE
    PSA1 = FALSE
    PS0 = TRUE
    PSC = TRUE
    PS1 = FALSE
    PS23 = FALSE
    PS2 = FALSE
    PS3 = FALSE
    PS4 = FALSE
    PS5 = FALSE
    PS6 = FALSE
    PS7 = FALSE
    PS8 = FALSE
    PS9 = FALSE
    PS10 = FALSE
    PS11 = FALSE
    PS12 = FALSE
    PSE1 = FALSE
    PSE2 = FALSE
    PSE0 = TRUE
    PG0 = FALSE
    timer_1_PS23.Q = FALSE
    AL1_ST_Z_SET = 0
    AL1_ST_Y_SET = 0
    AL1_ST_X_SET = 0
    RP_AL1_ST_CLAMP = FALSE
    RC_AL1_ST = FALSE
    PAS_AL1_ST_TURN = FALSE
    AL1_ST_GRAB = FALSE
    AL1_EMIT = FALSE
    RP_AL1_ST_CLAMP_reset = TRUE
    RC_AL1_ST_reset = TRUE
    PAS_AL1_ST_TURN_reset = FALSE
    AL1_ST_GRAB_reset = FALSE
    AL1_EMIT_reset = TRUE
    RP_AL1_ST_CLAMP_set = FALSE
    RC_AL1_ST_set = FALSE
    PAS_AL1_ST_TURN_set = FALSE
    AL1_ST_GRAB_set = FALSE
    AL1_EMIT_set = FALSE
    stab = TRUE
    GENERIC_PRE = FALSE
    GENERIC_POST = FALSE
    TSE2 = FALSE
    TSE1 = FALSE
    TS13 = FALSE
    TS12 = FALSE
    TS11 = FALSE
    TS10 = FALSE
    TS9 = FALSE
    TS8 = FALSE
    TS7 = FALSE
    TS6 = FALSE
    TS5 = FALSE
    TS4 = FALSE
    TS3 = FALSE
    TS23 = FALSE
    TS2 = FALSE
    TS1 = FALSE
-- specification EF TS13  is false
-- as demonstrated by the following execution sequence
Trace Description: CTL Counterexample 
Trace Type: Counterexample 
  -> State: 28.1 <-
    ST_AL1_ST1 = FALSE
    ST_AL1_ST2 = FALSE
    ST_AL1_ST3 = FALSE
    RP_AL1_ST_CLAMPED = FALSE
    AL1_ST_DETECTED = FALSE
    AL1_ST_X_POS = 0
    AL1_ST_Y_POS = 0
    AL1_ST_Z_POS = 0
    PA13 = TRUE
    PSA0 = FALSE
    PSA1 = FALSE
    PS0 = TRUE
    PSC = TRUE
    PS1 = FALSE
    PS23 = FALSE
    PS2 = FALSE
    PS3 = FALSE
    PS4 = FALSE
    PS5 = FALSE
    PS6 = FALSE
    PS7 = FALSE
    PS8 = FALSE
    PS9 = FALSE
    PS10 = FALSE
    PS11 = FALSE
    PS12 = FALSE
    PSE1 = FALSE
    PSE2 = FALSE
    PSE0 = TRUE
    PG0 = FALSE
    timer_1_PS23.Q = FALSE
    AL1_ST_Z_SET = 0
    AL1_ST_Y_SET = 0
    AL1_ST_X_SET = 0
    RP_AL1_ST_CLAMP = FALSE
    RC_AL1_ST = FALSE
    PAS_AL1_ST_TURN = FALSE
    AL1_ST_GRAB = FALSE
    AL1_EMIT = FALSE
    RP_AL1_ST_CLAMP_reset = TRUE
    RC_AL1_ST_reset = TRUE
    PAS_AL1_ST_TURN_reset = FALSE
    AL1_ST_GRAB_reset = FALSE
    AL1_EMIT_reset = TRUE
    RP_AL1_ST_CLAMP_set = FALSE
    RC_AL1_ST_set = FALSE
    PAS_AL1_ST_TURN_set = FALSE
    AL1_ST_GRAB_set = FALSE
    AL1_EMIT_set = FALSE
    stab = TRUE
    GENERIC_PRE = FALSE
    GENERIC_POST = FALSE
    TSE2 = FALSE
    TSE1 = FALSE
    TS13 = FALSE
    TS12 = FALSE
    TS11 = FALSE
    TS10 = FALSE
    TS9 = FALSE
    TS8 = FALSE
    TS7 = FALSE
    TS6 = FALSE
    TS5 = FALSE
    TS4 = FALSE
    TS3 = FALSE
    TS23 = FALSE
    TS2 = FALSE
    TS1 = FALSE
-- specification EF TSE1  is false
-- as demonstrated by the following execution sequence
Trace Description: CTL Counterexample 
Trace Type: Counterexample 
  -> State: 29.1 <-
    ST_AL1_ST1 = FALSE
    ST_AL1_ST2 = FALSE
    ST_AL1_ST3 = FALSE
    RP_AL1_ST_CLAMPED = FALSE
    AL1_ST_DETECTED = FALSE
    AL1_ST_X_POS = 0
    AL1_ST_Y_POS = 0
    AL1_ST_Z_POS = 0
    PA13 = TRUE
    PSA0 = FALSE
    PSA1 = FALSE
    PS0 = TRUE
    PSC = TRUE
    PS1 = FALSE
    PS23 = FALSE
    PS2 = FALSE
    PS3 = FALSE
    PS4 = FALSE
    PS5 = FALSE
    PS6 = FALSE
    PS7 = FALSE
    PS8 = FALSE
    PS9 = FALSE
    PS10 = FALSE
    PS11 = FALSE
    PS12 = FALSE
    PSE1 = FALSE
    PSE2 = FALSE
    PSE0 = TRUE
    PG0 = FALSE
    timer_1_PS23.Q = FALSE
    AL1_ST_Z_SET = 0
    AL1_ST_Y_SET = 0
    AL1_ST_X_SET = 0
    RP_AL1_ST_CLAMP = FALSE
    RC_AL1_ST = FALSE
    PAS_AL1_ST_TURN = FALSE
    AL1_ST_GRAB = FALSE
    AL1_EMIT = FALSE
    RP_AL1_ST_CLAMP_reset = TRUE
    RC_AL1_ST_reset = TRUE
    PAS_AL1_ST_TURN_reset = FALSE
    AL1_ST_GRAB_reset = FALSE
    AL1_EMIT_reset = TRUE
    RP_AL1_ST_CLAMP_set = FALSE
    RC_AL1_ST_set = FALSE
    PAS_AL1_ST_TURN_set = FALSE
    AL1_ST_GRAB_set = FALSE
    AL1_EMIT_set = FALSE
    stab = TRUE
    GENERIC_PRE = FALSE
    GENERIC_POST = FALSE
    TSE2 = FALSE
    TSE1 = FALSE
    TS13 = FALSE
    TS12 = FALSE
    TS11 = FALSE
    TS10 = FALSE
    TS9 = FALSE
    TS8 = FALSE
    TS7 = FALSE
    TS6 = FALSE
    TS5 = FALSE
    TS4 = FALSE
    TS3 = FALSE
    TS23 = FALSE
    TS2 = FALSE
    TS1 = FALSE
-- specification EF TSE2  is false
-- as demonstrated by the following execution sequence
Trace Description: CTL Counterexample 
Trace Type: Counterexample 
  -> State: 30.1 <-
    ST_AL1_ST1 = FALSE
    ST_AL1_ST2 = FALSE
    ST_AL1_ST3 = FALSE
    RP_AL1_ST_CLAMPED = FALSE
    AL1_ST_DETECTED = FALSE
    AL1_ST_X_POS = 0
    AL1_ST_Y_POS = 0
    AL1_ST_Z_POS = 0
    PA13 = TRUE
    PSA0 = FALSE
    PSA1 = FALSE
    PS0 = TRUE
    PSC = TRUE
    PS1 = FALSE
    PS23 = FALSE
    PS2 = FALSE
    PS3 = FALSE
    PS4 = FALSE
    PS5 = FALSE
    PS6 = FALSE
    PS7 = FALSE
    PS8 = FALSE
    PS9 = FALSE
    PS10 = FALSE
    PS11 = FALSE
    PS12 = FALSE
    PSE1 = FALSE
    PSE2 = FALSE
    PSE0 = TRUE
    PG0 = FALSE
    timer_1_PS23.Q = FALSE
    AL1_ST_Z_SET = 0
    AL1_ST_Y_SET = 0
    AL1_ST_X_SET = 0
    RP_AL1_ST_CLAMP = FALSE
    RC_AL1_ST = FALSE
    PAS_AL1_ST_TURN = FALSE
    AL1_ST_GRAB = FALSE
    AL1_EMIT = FALSE
    RP_AL1_ST_CLAMP_reset = TRUE
    RC_AL1_ST_reset = TRUE
    PAS_AL1_ST_TURN_reset = FALSE
    AL1_ST_GRAB_reset = FALSE
    AL1_EMIT_reset = TRUE
    RP_AL1_ST_CLAMP_set = FALSE
    RC_AL1_ST_set = FALSE
    PAS_AL1_ST_TURN_set = FALSE
    AL1_ST_GRAB_set = FALSE
    AL1_EMIT_set = FALSE
    stab = TRUE
    GENERIC_PRE = FALSE
    GENERIC_POST = FALSE
    TSE2 = FALSE
    TSE1 = FALSE
    TS13 = FALSE
    TS12 = FALSE
    TS11 = FALSE
    TS10 = FALSE
    TS9 = FALSE
    TS8 = FALSE
    TS7 = FALSE
    TS6 = FALSE
    TS5 = FALSE
    TS4 = FALSE
    TS3 = FALSE
    TS23 = FALSE
    TS2 = FALSE
    TS1 = FALSE
-- specification EF GENERIC_POST  is false
-- as demonstrated by the following execution sequence
Trace Description: CTL Counterexample 
Trace Type: Counterexample 
  -> State: 31.1 <-
    ST_AL1_ST1 = FALSE
    ST_AL1_ST2 = FALSE
    ST_AL1_ST3 = FALSE
    RP_AL1_ST_CLAMPED = FALSE
    AL1_ST_DETECTED = FALSE
    AL1_ST_X_POS = 0
    AL1_ST_Y_POS = 0
    AL1_ST_Z_POS = 0
    PA13 = TRUE
    PSA0 = FALSE
    PSA1 = FALSE
    PS0 = TRUE
    PSC = TRUE
    PS1 = FALSE
    PS23 = FALSE
    PS2 = FALSE
    PS3 = FALSE
    PS4 = FALSE
    PS5 = FALSE
    PS6 = FALSE
    PS7 = FALSE
    PS8 = FALSE
    PS9 = FALSE
    PS10 = FALSE
    PS11 = FALSE
    PS12 = FALSE
    PSE1 = FALSE
    PSE2 = FALSE
    PSE0 = TRUE
    PG0 = FALSE
    timer_1_PS23.Q = FALSE
    AL1_ST_Z_SET = 0
    AL1_ST_Y_SET = 0
    AL1_ST_X_SET = 0
    RP_AL1_ST_CLAMP = FALSE
    RC_AL1_ST = FALSE
    PAS_AL1_ST_TURN = FALSE
    AL1_ST_GRAB = FALSE
    AL1_EMIT = FALSE
    RP_AL1_ST_CLAMP_reset = TRUE
    RC_AL1_ST_reset = TRUE
    PAS_AL1_ST_TURN_reset = FALSE
    AL1_ST_GRAB_reset = FALSE
    AL1_EMIT_reset = TRUE
    RP_AL1_ST_CLAMP_set = FALSE
    RC_AL1_ST_set = FALSE
    PAS_AL1_ST_TURN_set = FALSE
    AL1_ST_GRAB_set = FALSE
    AL1_EMIT_set = FALSE
    stab = TRUE
    GENERIC_PRE = FALSE
    GENERIC_POST = FALSE
    TSE2 = FALSE
    TSE1 = FALSE
    TS13 = FALSE
    TS12 = FALSE
    TS11 = FALSE
    TS10 = FALSE
    TS9 = FALSE
    TS8 = FALSE
    TS7 = FALSE
    TS6 = FALSE
    TS5 = FALSE
    TS4 = FALSE
    TS3 = FALSE
    TS23 = FALSE
    TS2 = FALSE
    TS1 = FALSE
-- specification EF GENERIC_PRE  is true
-- specification AG (EF stab)  is true
-- specification AG (stab -> !(RP_AL1_ST_CLAMP_set & RP_AL1_ST_CLAMP_reset))  is true
-- specification AG (stab -> !(AL1_ST_GRAB_set & AL1_ST_GRAB_reset))  is true
-- specification AG (stab -> !(RC_AL1_ST_set & RC_AL1_ST_reset))  is true
-- specification AG (stab -> !(AL1_EMIT_set & AL1_EMIT_reset))  is true
-- specification AG (stab -> (RP_AL1_ST_CLAMP_set | RP_AL1_ST_CLAMP_reset))  is true
-- specification AG (stab -> (AL1_ST_GRAB_set | AL1_ST_GRAB_reset))  is false
-- as demonstrated by the following execution sequence
Trace Description: CTL Counterexample 
Trace Type: Counterexample 
  -> State: 32.1 <-
    ST_AL1_ST1 = TRUE
    ST_AL1_ST2 = FALSE
    ST_AL1_ST3 = FALSE
    RP_AL1_ST_CLAMPED = FALSE
    AL1_ST_DETECTED = FALSE
    AL1_ST_X_POS = 0
    AL1_ST_Y_POS = 0
    AL1_ST_Z_POS = 0
    PA13 = TRUE
    PSA0 = FALSE
    PSA1 = FALSE
    PS0 = TRUE
    PSC = TRUE
    PS1 = FALSE
    PS23 = FALSE
    PS2 = FALSE
    PS3 = FALSE
    PS4 = FALSE
    PS5 = FALSE
    PS6 = FALSE
    PS7 = FALSE
    PS8 = FALSE
    PS9 = FALSE
    PS10 = FALSE
    PS11 = FALSE
    PS12 = FALSE
    PSE1 = FALSE
    PSE2 = FALSE
    PSE0 = TRUE
    PG0 = FALSE
    timer_1_PS23.Q = FALSE
    AL1_ST_Z_SET = 0
    AL1_ST_Y_SET = 0
    AL1_ST_X_SET = 0
    RP_AL1_ST_CLAMP = FALSE
    RC_AL1_ST = FALSE
    PAS_AL1_ST_TURN = FALSE
    AL1_ST_GRAB = FALSE
    AL1_EMIT = FALSE
    RP_AL1_ST_CLAMP_reset = TRUE
    RC_AL1_ST_reset = TRUE
    PAS_AL1_ST_TURN_reset = FALSE
    AL1_ST_GRAB_reset = FALSE
    AL1_EMIT_reset = TRUE
    RP_AL1_ST_CLAMP_set = FALSE
    RC_AL1_ST_set = FALSE
    PAS_AL1_ST_TURN_set = FALSE
    AL1_ST_GRAB_set = FALSE
    AL1_EMIT_set = FALSE
    stab = FALSE
    GENERIC_PRE = FALSE
    GENERIC_POST = FALSE
    TSE2 = FALSE
    TSE1 = FALSE
    TS13 = FALSE
    TS12 = FALSE
    TS11 = FALSE
    TS10 = FALSE
    TS9 = FALSE
    TS8 = FALSE
    TS7 = FALSE
    TS6 = FALSE
    TS5 = FALSE
    TS4 = FALSE
    TS3 = FALSE
    TS23 = FALSE
    TS2 = FALSE
    TS1 = TRUE
  -> State: 32.2 <-
    PA13 = FALSE
    PS1 = TRUE
    GENERIC_PRE = TRUE
    TS1 = FALSE
  -> State: 32.3 <-
    PA13 = TRUE
    stab = TRUE
    GENERIC_PRE = FALSE
-- specification AG (stab -> (RC_AL1_ST_set | RC_AL1_ST_reset))  is true
-- specification AG (stab -> (AL1_EMIT_set | AL1_EMIT_reset))  is true
-- specification (AG ((stab & PS23) & timer_1_PS23.Q) -> AX RP_AL1_ST_CLAMP)  is true
-- specification (AG (((((stab & PS4) & AL1_ST_Y_POS > 540) & AL1_ST_Y_POS < 580) & AL1_ST_Z_POS > 780) & AL1_ST_Z_POS < 820) -> AX AL1_ST_GRAB)  is true
-- specification (AG (((((stab & PS8) & AL1_ST_X_POS > 750) & AL1_ST_X_POS < 790) & AL1_ST_Z_POS > 580) & AL1_ST_Z_POS < 620) -> AX !AL1_ST_GRAB)  is true
-- specification (AG (((stab & PS10) & PS11) & PS12) -> AX PSE1)  is true
